<?xml version="1.0" encoding="UTF-8"?>
<coverage generated="1519320442372" clover="3.2.0">
  <project timestamp="1519320442372" name="All files">
    <metrics statements="209" coveredstatements="102" conditionals="53" coveredconditionals="12" methods="122" coveredmethods="21" elements="384" coveredelements="135" complexity="0" loc="209" ncloc="209" packages="7" files="19" classes="19">
      <package name="actions">
        <metrics statements="43" coveredstatements="17" conditionals="8" coveredconditionals="0" methods="28" coveredmethods="0"/>
        <file name="auth.js" path="C:\Users\peter\Desktop\react-course-projects\expensify-app\src\actions\auth.js">
          <metrics statements="8" coveredstatements="4" conditionals="0" coveredconditionals="0" methods="6" coveredmethods="0"/>
          <line num="4" count="2" type="stmt"/>
          <line num="9" count="2" type="stmt"/>
          <line num="10" count="0" type="stmt"/>
          <line num="11" count="0" type="stmt"/>
          <line num="15" count="2" type="stmt"/>
          <line num="19" count="2" type="stmt"/>
          <line num="20" count="0" type="stmt"/>
          <line num="21" count="0" type="stmt"/>
        </file>
        <file name="expenses.js" path="C:\Users\peter\Desktop\react-course-projects\expensify-app\src\actions\expenses.js">
          <metrics statements="30" coveredstatements="8" conditionals="7" coveredconditionals="0" methods="17" coveredmethods="0"/>
          <line num="5" count="1" type="stmt"/>
          <line num="10" count="1" type="cond" truecount="0" falsecount="1"/>
          <line num="11" count="0" type="stmt"/>
          <line num="12" count="0" type="stmt"/>
          <line num="18" count="0" type="stmt"/>
          <line num="19" count="0" type="stmt"/>
          <line num="21" count="0" type="stmt"/>
          <line num="22" count="0" type="stmt"/>
          <line num="31" count="1" type="cond" truecount="0" falsecount="1"/>
          <line num="32" count="0" type="stmt"/>
          <line num="38" count="1" type="cond" truecount="0" falsecount="1"/>
          <line num="39" count="0" type="stmt"/>
          <line num="40" count="0" type="stmt"/>
          <line num="41" count="0" type="stmt"/>
          <line num="43" count="0" type="stmt"/>
          <line num="51" count="1" type="stmt"/>
          <line num="57" count="1" type="stmt"/>
          <line num="58" count="0" type="stmt"/>
          <line num="59" count="0" type="stmt"/>
          <line num="60" count="0" type="stmt"/>
          <line num="62" count="0" type="stmt"/>
          <line num="67" count="1" type="stmt"/>
          <line num="72" count="1" type="stmt"/>
          <line num="73" count="0" type="stmt"/>
          <line num="74" count="0" type="stmt"/>
          <line num="75" count="0" type="stmt"/>
          <line num="77" count="0" type="stmt"/>
          <line num="78" count="0" type="stmt"/>
          <line num="79" count="0" type="stmt"/>
          <line num="84" count="0" type="stmt"/>
        </file>
        <file name="filters.js" path="C:\Users\peter\Desktop\react-course-projects\expensify-app\src\actions\filters.js">
          <metrics statements="5" coveredstatements="5" conditionals="1" coveredconditionals="0" methods="5" coveredmethods="0"/>
          <line num="2" count="2" type="cond" truecount="0" falsecount="1"/>
          <line num="8" count="2" type="stmt"/>
          <line num="13" count="2" type="stmt"/>
          <line num="18" count="2" type="stmt"/>
          <line num="23" count="2" type="stmt"/>
        </file>
      </package>
      <package name="components">
        <metrics statements="115" coveredstatements="52" conditionals="32" coveredconditionals="12" methods="79" coveredmethods="18"/>
        <file name="EditExpensePage.js" path="C:\Users\peter\Desktop\react-course-projects\expensify-app\src\components\EditExpensePage.js">
          <metrics statements="10" coveredstatements="5" conditionals="0" coveredconditionals="0" methods="8" coveredmethods="2"/>
          <line num="9" count="1" type="stmt"/>
          <line num="10" count="1" type="stmt"/>
          <line num="13" count="0" type="stmt"/>
          <line num="14" count="0" type="stmt"/>
          <line num="17" count="3" type="stmt"/>
          <line num="31" count="1" type="stmt"/>
          <line num="32" count="0" type="stmt"/>
          <line num="33" count="0" type="stmt"/>
          <line num="36" count="1" type="stmt"/>
          <line num="37" count="0" type="stmt"/>
        </file>
        <file name="ExpenseDashboardPage.js" path="C:\Users\peter\Desktop\react-course-projects\expensify-app\src\components\ExpenseDashboardPage.js">
          <metrics statements="6" coveredstatements="5" conditionals="0" coveredconditionals="0" methods="2" coveredmethods="1"/>
          <line num="9" count="1" type="stmt"/>
          <line num="10" count="1" type="stmt"/>
          <line num="11" count="1" type="stmt"/>
          <line num="12" count="1" type="stmt"/>
          <line num="21" count="1" type="stmt"/>
          <line num="22" count="0" type="stmt"/>
        </file>
        <file name="ExpenseForm.js" path="C:\Users\peter\Desktop\react-course-projects\expensify-app\src\components\ExpenseForm.js">
          <metrics statements="20" coveredstatements="7" conditionals="20" coveredconditionals="10" methods="16" coveredmethods="6"/>
          <line num="7" count="2" type="stmt"/>
          <line num="12" count="10" type="stmt"/>
          <line num="13" count="10" type="stmt"/>
          <line num="23" count="0" type="stmt"/>
          <line num="24" count="0" type="stmt"/>
          <line num="27" count="0" type="stmt"/>
          <line num="28" count="0" type="stmt"/>
          <line num="31" count="0" type="stmt"/>
          <line num="32" count="0" type="cond" truecount="0" falsecount="4"/>
          <line num="33" count="0" type="stmt"/>
          <line num="37" count="1" type="cond" truecount="1" falsecount="1"/>
          <line num="38" count="1" type="stmt"/>
          <line num="42" count="1" type="stmt"/>
          <line num="45" count="0" type="stmt"/>
          <line num="46" count="0" type="cond" truecount="0" falsecount="4"/>
          <line num="47" count="0" type="stmt"/>
          <line num="49" count="0" type="stmt"/>
          <line num="50" count="0" type="stmt"/>
          <line num="59" count="12" type="stmt"/>
          <line num="83" count="0" type="stmt"/>
        </file>
        <file name="ExpenseList.js" path="C:\Users\peter\Desktop\react-course-projects\expensify-app\src\components\ExpenseList.js">
          <metrics statements="18" coveredstatements="9" conditionals="2" coveredconditionals="2" methods="12" coveredmethods="2"/>
          <line num="9" count="2" type="stmt"/>
          <line num="10" count="0" type="stmt"/>
          <line num="14" count="2" type="stmt"/>
          <line num="15" count="0" type="stmt"/>
          <line num="20" count="2" type="stmt"/>
          <line num="25" count="0" type="stmt"/>
          <line num="28" count="2" type="stmt"/>
          <line num="29" count="0" type="stmt"/>
          <line num="30" count="0" type="stmt"/>
          <line num="31" count="0" type="stmt"/>
          <line num="35" count="2" type="stmt"/>
          <line num="38" count="0" type="stmt"/>
          <line num="39" count="0" type="stmt"/>
          <line num="45" count="2" type="stmt"/>
          <line num="46" count="2" type="stmt"/>
          <line num="60" count="3" type="stmt"/>
          <line num="68" count="2" type="stmt"/>
          <line num="69" count="0" type="stmt"/>
        </file>
        <file name="ExpenseListFilters.js" path="C:\Users\peter\Desktop\react-course-projects\expensify-app\src\components\ExpenseListFilters.js">
          <metrics statements="26" coveredstatements="8" conditionals="4" coveredconditionals="0" methods="21" coveredmethods="4"/>
          <line num="10" count="2" type="stmt"/>
          <line num="13" count="0" type="stmt"/>
          <line num="15" count="0" type="stmt"/>
          <line num="18" count="0" type="stmt"/>
          <line num="23" count="2" type="stmt"/>
          <line num="24" count="0" type="stmt"/>
          <line num="25" count="0" type="stmt"/>
          <line num="26" count="0" type="stmt"/>
          <line num="27" count="0" type="stmt"/>
          <line num="37" count="1" type="stmt"/>
          <line num="38" count="1" type="stmt"/>
          <line num="41" count="1" type="stmt"/>
          <line num="44" count="0" type="stmt"/>
          <line num="47" count="0" type="cond" truecount="0" falsecount="2"/>
          <line num="48" count="0" type="stmt"/>
          <line num="49" count="0" type="cond" truecount="0" falsecount="2"/>
          <line num="50" count="0" type="stmt"/>
          <line num="54" count="9" type="stmt"/>
          <line num="77" count="0" type="stmt"/>
          <line num="86" count="2" type="stmt"/>
          <line num="87" count="0" type="stmt"/>
          <line num="88" count="0" type="stmt"/>
          <line num="89" count="0" type="stmt"/>
          <line num="90" count="0" type="stmt"/>
          <line num="91" count="0" type="stmt"/>
          <line num="94" count="2" type="stmt"/>
        </file>
        <file name="ExpenseListItem.js" path="C:\Users\peter\Desktop\react-course-projects\expensify-app\src\components\ExpenseListItem.js">
          <metrics statements="13" coveredstatements="5" conditionals="0" coveredconditionals="0" methods="9" coveredmethods="1"/>
          <line num="8" count="3" type="stmt"/>
          <line num="14" count="0" type="stmt"/>
          <line num="18" count="0" type="stmt"/>
          <line num="20" count="0" type="stmt"/>
          <line num="24" count="0" type="stmt"/>
          <line num="28" count="3" type="stmt"/>
          <line num="33" count="3" type="stmt"/>
          <line num="34" count="0" type="stmt"/>
          <line num="38" count="3" type="stmt"/>
          <line num="39" count="0" type="stmt"/>
          <line num="40" count="0" type="stmt"/>
          <line num="42" count="0" type="stmt"/>
          <line num="49" count="1" type="stmt"/>
        </file>
        <file name="ExpenseSummary.js" path="C:\Users\peter\Desktop\react-course-projects\expensify-app\src\components\ExpenseSummary.js">
          <metrics statements="11" coveredstatements="5" conditionals="6" coveredconditionals="0" methods="4" coveredmethods="0"/>
          <line num="11" count="1" type="stmt"/>
          <line num="13" count="0" type="stmt"/>
          <line num="14" count="0" type="stmt"/>
          <line num="18" count="1" type="stmt"/>
          <line num="19" count="0" type="stmt"/>
          <line num="23" count="1" type="stmt"/>
          <line num="29" count="1" type="stmt"/>
          <line num="34" count="1" type="stmt"/>
          <line num="35" count="0" type="cond" truecount="0" falsecount="2"/>
          <line num="36" count="0" type="stmt"/>
          <line num="37" count="0" type="stmt"/>
        </file>
        <file name="Header.js" path="C:\Users\peter\Desktop\react-course-projects\expensify-app\src\components\Header.js">
          <metrics statements="7" coveredstatements="5" conditionals="0" coveredconditionals="0" methods="4" coveredmethods="1"/>
          <line num="9" count="1" type="stmt"/>
          <line num="17" count="1" type="stmt"/>
          <line num="20" count="0" type="stmt"/>
          <line num="24" count="1" type="stmt"/>
          <line num="25" count="2" type="stmt"/>
          <line num="37" count="1" type="stmt"/>
          <line num="38" count="0" type="stmt"/>
        </file>
        <file name="LoginPage.js" path="C:\Users\peter\Desktop\react-course-projects\expensify-app\src\components\LoginPage.js">
          <metrics statements="4" coveredstatements="3" conditionals="0" coveredconditionals="0" methods="3" coveredmethods="1"/>
          <line num="6" count="1" type="stmt"/>
          <line num="7" count="2" type="stmt"/>
          <line num="16" count="1" type="stmt"/>
          <line num="17" count="0" type="stmt"/>
        </file>
      </package>
      <package name="firebase">
        <metrics statements="4" coveredstatements="4" conditionals="0" coveredconditionals="0" methods="0" coveredmethods="0"/>
        <file name="firebase.js" path="C:\Users\peter\Desktop\react-course-projects\expensify-app\src\firebase\firebase.js">
          <metrics statements="4" coveredstatements="4" conditionals="0" coveredconditionals="0" methods="0" coveredmethods="0"/>
          <line num="4" count="3" type="stmt"/>
          <line num="13" count="3" type="stmt"/>
          <line num="14" count="3" type="stmt"/>
          <line num="15" count="3" type="stmt"/>
        </file>
      </package>
      <package name="selectors">
        <metrics statements="12" coveredstatements="3" conditionals="13" coveredconditionals="0" methods="6" coveredmethods="3"/>
        <file name="expenses-total.js" path="C:\Users\peter\Desktop\react-course-projects\expensify-app\src\selectors\expenses-total.js">
          <metrics statements="3" coveredstatements="3" conditionals="0" coveredconditionals="0" methods="3" coveredmethods="3"/>
          <line num="4" count="1" type="stmt"/>
          <line num="5" count="3" type="stmt"/>
          <line num="6" count="3" type="stmt"/>
        </file>
        <file name="expenses.js" path="C:\Users\peter\Desktop\react-course-projects\expensify-app\src\selectors\expenses.js">
          <metrics statements="9" coveredstatements="0" conditionals="13" coveredconditionals="0" methods="3" coveredmethods="0"/>
          <line num="4" count="0" type="stmt"/>
          <line num="6" count="0" type="stmt"/>
          <line num="7" count="0" type="cond" truecount="0" falsecount="2"/>
          <line num="8" count="0" type="cond" truecount="0" falsecount="2"/>
          <line num="10" count="0" type="stmt"/>
          <line num="12" count="0" type="cond" truecount="0" falsecount="3"/>
          <line num="14" count="0" type="cond" truecount="0" falsecount="2"/>
          <line num="15" count="0" type="cond" truecount="0" falsecount="2"/>
          <line num="17" count="0" type="cond" truecount="0" falsecount="2"/>
        </file>
      </package>
      <package name="styles">
        <metrics statements="31" coveredstatements="22" conditionals="0" coveredconditionals="0" methods="9" coveredmethods="0"/>
        <file name="styled.js" path="C:\Users\peter\Desktop\react-course-projects\expensify-app\src\styles\styled.js">
          <metrics statements="31" coveredstatements="22" conditionals="0" coveredconditionals="0" methods="9" coveredmethods="0"/>
          <line num="6" count="6" type="stmt"/>
          <line num="7" count="6" type="stmt"/>
          <line num="8" count="6" type="stmt"/>
          <line num="9" count="6" type="stmt"/>
          <line num="10" count="6" type="stmt"/>
          <line num="11" count="6" type="stmt"/>
          <line num="12" count="6" type="stmt"/>
          <line num="13" count="6" type="stmt"/>
          <line num="14" count="6" type="stmt"/>
          <line num="17" count="6" type="stmt"/>
          <line num="18" count="0" type="stmt"/>
          <line num="33" count="6" type="stmt"/>
          <line num="39" count="6" type="stmt"/>
          <line num="51" count="6" type="stmt"/>
          <line num="63" count="6" type="stmt"/>
          <line num="67" count="6" type="stmt"/>
          <line num="70" count="0" type="stmt"/>
          <line num="72" count="0" type="stmt"/>
          <line num="75" count="6" type="stmt"/>
          <line num="78" count="0" type="stmt"/>
          <line num="80" count="0" type="stmt"/>
          <line num="83" count="6" type="stmt"/>
          <line num="86" count="0" type="stmt"/>
          <line num="88" count="0" type="stmt"/>
          <line num="92" count="6" type="stmt"/>
          <line num="96" count="6" type="stmt"/>
          <line num="102" count="6" type="stmt"/>
          <line num="108" count="6" type="stmt"/>
          <line num="112" count="0" type="stmt"/>
          <line num="116" count="6" type="stmt"/>
          <line num="117" count="0" type="stmt"/>
        </file>
      </package>
      <package name="tests">
        <metrics statements="2" coveredstatements="2" conditionals="0" coveredconditionals="0" methods="0" coveredmethods="0"/>
        <file name="setupTests.js" path="C:\Users\peter\Desktop\react-course-projects\expensify-app\src\tests\setupTests.js">
          <metrics statements="2" coveredstatements="2" conditionals="0" coveredconditionals="0" methods="0" coveredmethods="0"/>
          <line num="5" count="8" type="stmt"/>
          <line num="9" count="8" type="stmt"/>
        </file>
      </package>
      <package name="tests.fixtures">
        <metrics statements="2" coveredstatements="2" conditionals="0" coveredconditionals="0" methods="0" coveredmethods="0"/>
        <file name="expenses.js" path="C:\Users\peter\Desktop\react-course-projects\expensify-app\src\tests\fixtures\expenses.js">
          <metrics statements="0" coveredstatements="0" conditionals="0" coveredconditionals="0" methods="0" coveredmethods="0"/>
        </file>
        <file name="filters.js" path="C:\Users\peter\Desktop\react-course-projects\expensify-app\src\tests\fixtures\filters.js">
          <metrics statements="2" coveredstatements="2" conditionals="0" coveredconditionals="0" methods="0" coveredmethods="0"/>
          <line num="3" count="1" type="stmt"/>
          <line num="10" count="1" type="stmt"/>
        </file>
      </package>
    </metrics>
  </project>
</coverage>
