{"C:\\Users\\peter\\Desktop\\react-course-projects\\expensify-app\\src\\actions\\auth.js": {"path":"C:\\Users\\peter\\Desktop\\react-course-projects\\expensify-app\\src\\actions\\auth.js","statementMap":{"0":{"start":{"line":4,"column":21},"end":{"line":7,"column":3}},"1":{"start":{"line":4,"column":31},"end":{"line":7,"column":2}},"2":{"start":{"line":9,"column":26},"end":{"line":13,"column":1}},"3":{"start":{"line":10,"column":4},"end":{"line":12,"column":6}},"4":{"start":{"line":11,"column":8},"end":{"line":11,"column":67}},"5":{"start":{"line":15,"column":22},"end":{"line":17,"column":3}},"6":{"start":{"line":15,"column":29},"end":{"line":17,"column":2}},"7":{"start":{"line":19,"column":27},"end":{"line":23,"column":1}},"8":{"start":{"line":20,"column":4},"end":{"line":22,"column":6}},"9":{"start":{"line":21,"column":8},"end":{"line":21,"column":41}}},"fnMap":{"0":{"name":"(anonymous_0)","decl":{"start":{"line":4,"column":21},"end":{"line":4,"column":22}},"loc":{"start":{"line":4,"column":31},"end":{"line":7,"column":2}},"line":4},"1":{"name":"(anonymous_1)","decl":{"start":{"line":9,"column":26},"end":{"line":9,"column":27}},"loc":{"start":{"line":9,"column":31},"end":{"line":13,"column":1}},"line":9},"2":{"name":"(anonymous_2)","decl":{"start":{"line":10,"column":10},"end":{"line":10,"column":11}},"loc":{"start":{"line":10,"column":16},"end":{"line":12,"column":5}},"line":10},"3":{"name":"(anonymous_3)","decl":{"start":{"line":15,"column":22},"end":{"line":15,"column":23}},"loc":{"start":{"line":15,"column":29},"end":{"line":17,"column":2}},"line":15},"4":{"name":"(anonymous_4)","decl":{"start":{"line":19,"column":27},"end":{"line":19,"column":28}},"loc":{"start":{"line":19,"column":32},"end":{"line":23,"column":1}},"line":19},"5":{"name":"(anonymous_5)","decl":{"start":{"line":20,"column":10},"end":{"line":20,"column":11}},"loc":{"start":{"line":20,"column":16},"end":{"line":22,"column":5}},"line":20}},"branchMap":{},"s":{"0":2,"1":0,"2":2,"3":0,"4":0,"5":2,"6":0,"7":2,"8":0,"9":0},"f":{"0":0,"1":0,"2":0,"3":0,"4":0,"5":0},"b":{},"_coverageSchema":"332fd63041d2c1bcb487cc26dd0d5f7d97098a6c","hash":"fe5493f91d53df671db0a9eeadb7ccd14f2c0c53"}
,"C:\\Users\\peter\\Desktop\\react-course-projects\\expensify-app\\src\\actions\\expenses.js": {"path":"C:\\Users\\peter\\Desktop\\react-course-projects\\expensify-app\\src\\actions\\expenses.js","statementMap":{"0":{"start":{"line":5,"column":26},"end":{"line":8,"column":2}},"1":{"start":{"line":5,"column":40},"end":{"line":8,"column":1}},"2":{"start":{"line":10,"column":32},"end":{"line":28,"column":1}},"3":{"start":{"line":11,"column":4},"end":{"line":27,"column":6}},"4":{"start":{"line":12,"column":20},"end":{"line":12,"column":39}},"5":{"start":{"line":18,"column":12},"end":{"line":18,"column":23}},"6":{"start":{"line":19,"column":24},"end":{"line":19,"column":60}},"7":{"start":{"line":21,"column":8},"end":{"line":26,"column":11}},"8":{"start":{"line":22,"column":12},"end":{"line":25,"column":16}},"9":{"start":{"line":31,"column":29},"end":{"line":36,"column":1}},"10":{"start":{"line":32,"column":8},"end":{"line":35,"column":9}},"11":{"start":{"line":38,"column":34},"end":{"line":46,"column":1}},"12":{"start":{"line":39,"column":4},"end":{"line":45,"column":6}},"13":{"start":{"line":40,"column":20},"end":{"line":40,"column":39}},"14":{"start":{"line":41,"column":8},"end":{"line":44,"column":15}},"15":{"start":{"line":43,"column":15},"end":{"line":43,"column":45}},"16":{"start":{"line":51,"column":27},"end":{"line":55,"column":2}},"17":{"start":{"line":51,"column":45},"end":{"line":55,"column":1}},"18":{"start":{"line":57,"column":32},"end":{"line":65,"column":1}},"19":{"start":{"line":58,"column":4},"end":{"line":64,"column":6}},"20":{"start":{"line":59,"column":20},"end":{"line":59,"column":39}},"21":{"start":{"line":60,"column":8},"end":{"line":63,"column":15}},"22":{"start":{"line":62,"column":15},"end":{"line":62,"column":50}},"23":{"start":{"line":67,"column":27},"end":{"line":70,"column":2}},"24":{"start":{"line":67,"column":42},"end":{"line":70,"column":1}},"25":{"start":{"line":72,"column":33},"end":{"line":87,"column":1}},"26":{"start":{"line":73,"column":4},"end":{"line":86,"column":6}},"27":{"start":{"line":74,"column":20},"end":{"line":74,"column":39}},"28":{"start":{"line":75,"column":8},"end":{"line":85,"column":15}},"29":{"start":{"line":77,"column":33},"end":{"line":77,"column":35}},"30":{"start":{"line":78,"column":16},"end":{"line":83,"column":19}},"31":{"start":{"line":79,"column":20},"end":{"line":82,"column":22}},"32":{"start":{"line":84,"column":16},"end":{"line":84,"column":48}}},"fnMap":{"0":{"name":"(anonymous_0)","decl":{"start":{"line":5,"column":26},"end":{"line":5,"column":27}},"loc":{"start":{"line":5,"column":40},"end":{"line":8,"column":1}},"line":5},"1":{"name":"(anonymous_1)","decl":{"start":{"line":10,"column":32},"end":{"line":10,"column":33}},"loc":{"start":{"line":10,"column":53},"end":{"line":28,"column":1}},"line":10},"2":{"name":"(anonymous_2)","decl":{"start":{"line":11,"column":11},"end":{"line":11,"column":12}},"loc":{"start":{"line":11,"column":35},"end":{"line":27,"column":5}},"line":11},"3":{"name":"(anonymous_3)","decl":{"start":{"line":21,"column":72},"end":{"line":21,"column":73}},"loc":{"start":{"line":21,"column":81},"end":{"line":26,"column":9}},"line":21},"4":{"name":"(anonymous_4)","decl":{"start":{"line":31,"column":29},"end":{"line":31,"column":30}},"loc":{"start":{"line":32,"column":8},"end":{"line":35,"column":9}},"line":32},"5":{"name":"(anonymous_5)","decl":{"start":{"line":38,"column":34},"end":{"line":38,"column":35}},"loc":{"start":{"line":38,"column":48},"end":{"line":46,"column":1}},"line":38},"6":{"name":"(anonymous_6)","decl":{"start":{"line":39,"column":11},"end":{"line":39,"column":12}},"loc":{"start":{"line":39,"column":35},"end":{"line":45,"column":5}},"line":39},"7":{"name":"(anonymous_7)","decl":{"start":{"line":42,"column":18},"end":{"line":42,"column":19}},"loc":{"start":{"line":42,"column":24},"end":{"line":44,"column":13}},"line":42},"8":{"name":"(anonymous_8)","decl":{"start":{"line":51,"column":27},"end":{"line":51,"column":28}},"loc":{"start":{"line":51,"column":45},"end":{"line":55,"column":1}},"line":51},"9":{"name":"(anonymous_9)","decl":{"start":{"line":57,"column":32},"end":{"line":57,"column":33}},"loc":{"start":{"line":57,"column":49},"end":{"line":65,"column":1}},"line":57},"10":{"name":"(anonymous_10)","decl":{"start":{"line":58,"column":11},"end":{"line":58,"column":12}},"loc":{"start":{"line":58,"column":35},"end":{"line":64,"column":5}},"line":58},"11":{"name":"(anonymous_11)","decl":{"start":{"line":61,"column":18},"end":{"line":61,"column":19}},"loc":{"start":{"line":61,"column":24},"end":{"line":63,"column":13}},"line":61},"12":{"name":"(anonymous_12)","decl":{"start":{"line":67,"column":27},"end":{"line":67,"column":28}},"loc":{"start":{"line":67,"column":42},"end":{"line":70,"column":1}},"line":67},"13":{"name":"(anonymous_13)","decl":{"start":{"line":72,"column":33},"end":{"line":72,"column":34}},"loc":{"start":{"line":72,"column":39},"end":{"line":87,"column":1}},"line":72},"14":{"name":"(anonymous_14)","decl":{"start":{"line":73,"column":11},"end":{"line":73,"column":12}},"loc":{"start":{"line":73,"column":35},"end":{"line":86,"column":5}},"line":73},"15":{"name":"(anonymous_15)","decl":{"start":{"line":76,"column":18},"end":{"line":76,"column":19}},"loc":{"start":{"line":76,"column":31},"end":{"line":85,"column":13}},"line":76},"16":{"name":"(anonymous_16)","decl":{"start":{"line":78,"column":33},"end":{"line":78,"column":34}},"loc":{"start":{"line":78,"column":51},"end":{"line":83,"column":17}},"line":78}},"branchMap":{"0":{"loc":{"start":{"line":10,"column":33},"end":{"line":10,"column":48}},"type":"default-arg","locations":[{"start":{"line":10,"column":46},"end":{"line":10,"column":48}}],"line":10},"1":{"loc":{"start":{"line":14,"column":12},"end":{"line":14,"column":26}},"type":"default-arg","locations":[{"start":{"line":14,"column":24},"end":{"line":14,"column":26}}],"line":14},"2":{"loc":{"start":{"line":15,"column":12},"end":{"line":15,"column":19}},"type":"default-arg","locations":[{"start":{"line":15,"column":17},"end":{"line":15,"column":19}}],"line":15},"3":{"loc":{"start":{"line":16,"column":12},"end":{"line":16,"column":20}},"type":"default-arg","locations":[{"start":{"line":16,"column":19},"end":{"line":16,"column":20}}],"line":16},"4":{"loc":{"start":{"line":17,"column":12},"end":{"line":17,"column":23}},"type":"default-arg","locations":[{"start":{"line":17,"column":22},"end":{"line":17,"column":23}}],"line":17},"5":{"loc":{"start":{"line":31,"column":30},"end":{"line":31,"column":38}},"type":"default-arg","locations":[{"start":{"line":31,"column":36},"end":{"line":31,"column":38}}],"line":31},"6":{"loc":{"start":{"line":38,"column":35},"end":{"line":38,"column":43}},"type":"default-arg","locations":[{"start":{"line":38,"column":41},"end":{"line":38,"column":43}}],"line":38}},"s":{"0":1,"1":0,"2":1,"3":0,"4":0,"5":0,"6":0,"7":0,"8":0,"9":1,"10":0,"11":1,"12":0,"13":0,"14":0,"15":0,"16":1,"17":0,"18":1,"19":0,"20":0,"21":0,"22":0,"23":1,"24":0,"25":1,"26":0,"27":0,"28":0,"29":0,"30":0,"31":0,"32":0},"f":{"0":0,"1":0,"2":0,"3":0,"4":0,"5":0,"6":0,"7":0,"8":0,"9":0,"10":0,"11":0,"12":0,"13":0,"14":0,"15":0,"16":0},"b":{"0":[0],"1":[0],"2":[0],"3":[0],"4":[0],"5":[0],"6":[0]},"_coverageSchema":"332fd63041d2c1bcb487cc26dd0d5f7d97098a6c","hash":"2fe0f69dc7cc036aa094e664090f6f920ab5fd43"}
,"C:\\Users\\peter\\Desktop\\react-course-projects\\expensify-app\\src\\actions\\filters.js": {"path":"C:\\Users\\peter\\Desktop\\react-course-projects\\expensify-app\\src\\actions\\filters.js","statementMap":{"0":{"start":{"line":2,"column":29},"end":{"line":5,"column":2}},"1":{"start":{"line":2,"column":45},"end":{"line":5,"column":1}},"2":{"start":{"line":8,"column":26},"end":{"line":11,"column":2}},"3":{"start":{"line":8,"column":33},"end":{"line":11,"column":1}},"4":{"start":{"line":13,"column":28},"end":{"line":16,"column":2}},"5":{"start":{"line":13,"column":35},"end":{"line":16,"column":1}},"6":{"start":{"line":18,"column":28},"end":{"line":21,"column":2}},"7":{"start":{"line":18,"column":44},"end":{"line":21,"column":1}},"8":{"start":{"line":23,"column":26},"end":{"line":26,"column":2}},"9":{"start":{"line":23,"column":40},"end":{"line":26,"column":1}}},"fnMap":{"0":{"name":"(anonymous_0)","decl":{"start":{"line":2,"column":29},"end":{"line":2,"column":30}},"loc":{"start":{"line":2,"column":45},"end":{"line":5,"column":1}},"line":2},"1":{"name":"(anonymous_1)","decl":{"start":{"line":8,"column":26},"end":{"line":8,"column":27}},"loc":{"start":{"line":8,"column":33},"end":{"line":11,"column":1}},"line":8},"2":{"name":"(anonymous_2)","decl":{"start":{"line":13,"column":28},"end":{"line":13,"column":29}},"loc":{"start":{"line":13,"column":35},"end":{"line":16,"column":1}},"line":13},"3":{"name":"(anonymous_3)","decl":{"start":{"line":18,"column":28},"end":{"line":18,"column":29}},"loc":{"start":{"line":18,"column":44},"end":{"line":21,"column":1}},"line":18},"4":{"name":"(anonymous_4)","decl":{"start":{"line":23,"column":26},"end":{"line":23,"column":27}},"loc":{"start":{"line":23,"column":40},"end":{"line":26,"column":1}},"line":23}},"branchMap":{"0":{"loc":{"start":{"line":2,"column":30},"end":{"line":2,"column":39}},"type":"default-arg","locations":[{"start":{"line":2,"column":37},"end":{"line":2,"column":39}}],"line":2}},"s":{"0":2,"1":0,"2":2,"3":0,"4":2,"5":0,"6":2,"7":0,"8":2,"9":0},"f":{"0":0,"1":0,"2":0,"3":0,"4":0},"b":{"0":[0]},"_coverageSchema":"332fd63041d2c1bcb487cc26dd0d5f7d97098a6c","hash":"9064c0733c4ee098a9dc809164416b645201f50d"}
,"C:\\Users\\peter\\Desktop\\react-course-projects\\expensify-app\\src\\components\\EditExpensePage.js": {"path":"C:\\Users\\peter\\Desktop\\react-course-projects\\expensify-app\\src\\components\\EditExpensePage.js","statementMap":{"0":{"start":{"line":9,"column":8},"end":{"line":9,"column":68}},"1":{"start":{"line":10,"column":8},"end":{"line":10,"column":37}},"2":{"start":{"line":13,"column":8},"end":{"line":13,"column":69}},"3":{"start":{"line":14,"column":8},"end":{"line":14,"column":37}},"4":{"start":{"line":17,"column":8},"end":{"line":27,"column":10}},"5":{"start":{"line":31,"column":27},"end":{"line":34,"column":2}},"6":{"start":{"line":31,"column":49},"end":{"line":34,"column":1}},"7":{"start":{"line":32,"column":39},"end":{"line":32,"column":78}},"8":{"start":{"line":33,"column":32},"end":{"line":33,"column":64}},"9":{"start":{"line":36,"column":24},"end":{"line":38,"column":2}},"10":{"start":{"line":36,"column":43},"end":{"line":38,"column":1}},"11":{"start":{"line":37,"column":46},"end":{"line":37,"column":82}}},"fnMap":{"0":{"name":"(anonymous_0)","decl":{"start":{"line":8,"column":15},"end":{"line":8,"column":16}},"loc":{"start":{"line":8,"column":28},"end":{"line":11,"column":5}},"line":8},"1":{"name":"(anonymous_1)","decl":{"start":{"line":12,"column":15},"end":{"line":12,"column":16}},"loc":{"start":{"line":12,"column":21},"end":{"line":15,"column":5}},"line":12},"2":{"name":"(anonymous_2)","decl":{"start":{"line":16,"column":4},"end":{"line":16,"column":5}},"loc":{"start":{"line":16,"column":13},"end":{"line":28,"column":5}},"line":16},"3":{"name":"(anonymous_3)","decl":{"start":{"line":31,"column":27},"end":{"line":31,"column":28}},"loc":{"start":{"line":31,"column":49},"end":{"line":34,"column":1}},"line":31},"4":{"name":"(anonymous_4)","decl":{"start":{"line":32,"column":22},"end":{"line":32,"column":23}},"loc":{"start":{"line":32,"column":39},"end":{"line":32,"column":78}},"line":32},"5":{"name":"(anonymous_5)","decl":{"start":{"line":33,"column":24},"end":{"line":33,"column":25}},"loc":{"start":{"line":33,"column":32},"end":{"line":33,"column":64}},"line":33},"6":{"name":"(anonymous_6)","decl":{"start":{"line":36,"column":24},"end":{"line":36,"column":25}},"loc":{"start":{"line":36,"column":43},"end":{"line":38,"column":1}},"line":36},"7":{"name":"(anonymous_7)","decl":{"start":{"line":37,"column":33},"end":{"line":37,"column":34}},"loc":{"start":{"line":37,"column":46},"end":{"line":37,"column":82}},"line":37}},"branchMap":{},"s":{"0":1,"1":1,"2":0,"3":0,"4":3,"5":1,"6":0,"7":0,"8":0,"9":1,"10":0,"11":0},"f":{"0":1,"1":0,"2":3,"3":0,"4":0,"5":0,"6":0,"7":0},"b":{},"_coverageSchema":"332fd63041d2c1bcb487cc26dd0d5f7d97098a6c","hash":"4c683d86760d0dc76a1124811558e780e776bf76"}
,"C:\\Users\\peter\\Desktop\\react-course-projects\\expensify-app\\src\\components\\ExpenseDashboardPage.js": {"path":"C:\\Users\\peter\\Desktop\\react-course-projects\\expensify-app\\src\\components\\ExpenseDashboardPage.js","statementMap":{"0":{"start":{"line":9,"column":36},"end":{"line":19,"column":1}},"1":{"start":{"line":10,"column":18},"end":{"line":10,"column":39}},"2":{"start":{"line":11,"column":19},"end":{"line":11,"column":54}},"3":{"start":{"line":12,"column":4},"end":{"line":18,"column":6}},"4":{"start":{"line":21,"column":24},"end":{"line":25,"column":1}},"5":{"start":{"line":22,"column":4},"end":{"line":24,"column":6}}},"fnMap":{"0":{"name":"(anonymous_0)","decl":{"start":{"line":9,"column":36},"end":{"line":9,"column":37}},"loc":{"start":{"line":9,"column":47},"end":{"line":19,"column":1}},"line":9},"1":{"name":"(anonymous_1)","decl":{"start":{"line":21,"column":24},"end":{"line":21,"column":25}},"loc":{"start":{"line":21,"column":35},"end":{"line":25,"column":1}},"line":21}},"branchMap":{},"s":{"0":1,"1":1,"2":1,"3":1,"4":1,"5":0},"f":{"0":1,"1":0},"b":{},"_coverageSchema":"332fd63041d2c1bcb487cc26dd0d5f7d97098a6c","hash":"788ccb1956a3feeb69cce49c28e7f4a4893a8173"}
,"C:\\Users\\peter\\Desktop\\react-course-projects\\expensify-app\\src\\components\\ExpenseForm.js": {"path":"C:\\Users\\peter\\Desktop\\react-course-projects\\expensify-app\\src\\components\\ExpenseForm.js","statementMap":{"0":{"start":{"line":7,"column":12},"end":{"line":7,"column":20}},"1":{"start":{"line":12,"column":8},"end":{"line":12,"column":21}},"2":{"start":{"line":13,"column":8},"end":{"line":20,"column":10}},"3":{"start":{"line":23,"column":28},"end":{"line":23,"column":42}},"4":{"start":{"line":24,"column":8},"end":{"line":24,"column":47}},"5":{"start":{"line":24,"column":29},"end":{"line":24,"column":44}},"6":{"start":{"line":27,"column":21},"end":{"line":27,"column":35}},"7":{"start":{"line":28,"column":8},"end":{"line":28,"column":40}},"8":{"start":{"line":28,"column":29},"end":{"line":28,"column":37}},"9":{"start":{"line":31,"column":23},"end":{"line":31,"column":37}},"10":{"start":{"line":32,"column":8},"end":{"line":34,"column":9}},"11":{"start":{"line":33,"column":12},"end":{"line":33,"column":46}},"12":{"start":{"line":33,"column":33},"end":{"line":33,"column":43}},"13":{"start":{"line":37,"column":8},"end":{"line":39,"column":9}},"14":{"start":{"line":38,"column":12},"end":{"line":38,"column":49}},"15":{"start":{"line":38,"column":33},"end":{"line":38,"column":46}},"16":{"start":{"line":42,"column":8},"end":{"line":42,"column":60}},"17":{"start":{"line":42,"column":29},"end":{"line":42,"column":57}},"18":{"start":{"line":45,"column":8},"end":{"line":45,"column":27}},"19":{"start":{"line":46,"column":8},"end":{"line":56,"column":9}},"20":{"start":{"line":47,"column":12},"end":{"line":47,"column":86}},"21":{"start":{"line":47,"column":33},"end":{"line":47,"column":83}},"22":{"start":{"line":49,"column":12},"end":{"line":49,"column":49}},"23":{"start":{"line":49,"column":33},"end":{"line":49,"column":46}},"24":{"start":{"line":50,"column":12},"end":{"line":55,"column":14}},"25":{"start":{"line":59,"column":8},"end":{"line":95,"column":9}},"26":{"start":{"line":83,"column":42},"end":{"line":83,"column":47}}},"fnMap":{"0":{"name":"(anonymous_0)","decl":{"start":{"line":11,"column":4},"end":{"line":11,"column":5}},"loc":{"start":{"line":11,"column":23},"end":{"line":21,"column":5}},"line":11},"1":{"name":"(anonymous_1)","decl":{"start":{"line":22,"column":26},"end":{"line":22,"column":27}},"loc":{"start":{"line":22,"column":33},"end":{"line":25,"column":5}},"line":22},"2":{"name":"(anonymous_2)","decl":{"start":{"line":24,"column":22},"end":{"line":24,"column":23}},"loc":{"start":{"line":24,"column":29},"end":{"line":24,"column":44}},"line":24},"3":{"name":"(anonymous_3)","decl":{"start":{"line":26,"column":19},"end":{"line":26,"column":20}},"loc":{"start":{"line":26,"column":26},"end":{"line":29,"column":5}},"line":26},"4":{"name":"(anonymous_4)","decl":{"start":{"line":28,"column":22},"end":{"line":28,"column":23}},"loc":{"start":{"line":28,"column":29},"end":{"line":28,"column":37}},"line":28},"5":{"name":"(anonymous_5)","decl":{"start":{"line":30,"column":21},"end":{"line":30,"column":22}},"loc":{"start":{"line":30,"column":28},"end":{"line":35,"column":5}},"line":30},"6":{"name":"(anonymous_6)","decl":{"start":{"line":33,"column":26},"end":{"line":33,"column":27}},"loc":{"start":{"line":33,"column":33},"end":{"line":33,"column":43}},"line":33},"7":{"name":"(anonymous_7)","decl":{"start":{"line":36,"column":19},"end":{"line":36,"column":20}},"loc":{"start":{"line":36,"column":34},"end":{"line":40,"column":5}},"line":36},"8":{"name":"(anonymous_8)","decl":{"start":{"line":38,"column":26},"end":{"line":38,"column":27}},"loc":{"start":{"line":38,"column":33},"end":{"line":38,"column":46}},"line":38},"9":{"name":"(anonymous_9)","decl":{"start":{"line":41,"column":20},"end":{"line":41,"column":21}},"loc":{"start":{"line":41,"column":37},"end":{"line":43,"column":5}},"line":41},"10":{"name":"(anonymous_10)","decl":{"start":{"line":42,"column":22},"end":{"line":42,"column":23}},"loc":{"start":{"line":42,"column":29},"end":{"line":42,"column":57}},"line":42},"11":{"name":"(anonymous_11)","decl":{"start":{"line":44,"column":15},"end":{"line":44,"column":16}},"loc":{"start":{"line":44,"column":22},"end":{"line":57,"column":5}},"line":44},"12":{"name":"(anonymous_12)","decl":{"start":{"line":47,"column":26},"end":{"line":47,"column":27}},"loc":{"start":{"line":47,"column":33},"end":{"line":47,"column":83}},"line":47},"13":{"name":"(anonymous_13)","decl":{"start":{"line":49,"column":26},"end":{"line":49,"column":27}},"loc":{"start":{"line":49,"column":33},"end":{"line":49,"column":46}},"line":49},"14":{"name":"(anonymous_14)","decl":{"start":{"line":58,"column":4},"end":{"line":58,"column":5}},"loc":{"start":{"line":58,"column":13},"end":{"line":96,"column":5}},"line":58},"15":{"name":"(anonymous_15)","decl":{"start":{"line":83,"column":36},"end":{"line":83,"column":37}},"loc":{"start":{"line":83,"column":42},"end":{"line":83,"column":47}},"line":83}},"branchMap":{"0":{"loc":{"start":{"line":14,"column":25},"end":{"line":14,"column":71}},"type":"cond-expr","locations":[{"start":{"line":14,"column":41},"end":{"line":14,"column":66}},{"start":{"line":14,"column":69},"end":{"line":14,"column":71}}],"line":14},"1":{"loc":{"start":{"line":15,"column":18},"end":{"line":15,"column":57}},"type":"cond-expr","locations":[{"start":{"line":15,"column":34},"end":{"line":15,"column":52}},{"start":{"line":15,"column":55},"end":{"line":15,"column":57}}],"line":15},"2":{"loc":{"start":{"line":16,"column":20},"end":{"line":16,"column":80}},"type":"cond-expr","locations":[{"start":{"line":16,"column":36},"end":{"line":16,"column":75}},{"start":{"line":16,"column":78},"end":{"line":16,"column":80}}],"line":16},"3":{"loc":{"start":{"line":17,"column":23},"end":{"line":17,"column":81}},"type":"cond-expr","locations":[{"start":{"line":17,"column":39},"end":{"line":17,"column":70}},{"start":{"line":17,"column":73},"end":{"line":17,"column":81}}],"line":17},"4":{"loc":{"start":{"line":32,"column":8},"end":{"line":34,"column":9}},"type":"if","locations":[{"start":{"line":32,"column":8},"end":{"line":34,"column":9}},{"start":{"line":32,"column":8},"end":{"line":34,"column":9}}],"line":32},"5":{"loc":{"start":{"line":32,"column":12},"end":{"line":32,"column":59}},"type":"binary-expr","locations":[{"start":{"line":32,"column":12},"end":{"line":32,"column":19}},{"start":{"line":32,"column":23},"end":{"line":32,"column":59}}],"line":32},"6":{"loc":{"start":{"line":37,"column":8},"end":{"line":39,"column":9}},"type":"if","locations":[{"start":{"line":37,"column":8},"end":{"line":39,"column":9}},{"start":{"line":37,"column":8},"end":{"line":39,"column":9}}],"line":37},"7":{"loc":{"start":{"line":46,"column":8},"end":{"line":56,"column":9}},"type":"if","locations":[{"start":{"line":46,"column":8},"end":{"line":56,"column":9}},{"start":{"line":46,"column":8},"end":{"line":56,"column":9}}],"line":46},"8":{"loc":{"start":{"line":46,"column":12},"end":{"line":46,"column":57}},"type":"binary-expr","locations":[{"start":{"line":46,"column":12},"end":{"line":46,"column":35}},{"start":{"line":46,"column":39},"end":{"line":46,"column":57}}],"line":46},"9":{"loc":{"start":{"line":62,"column":21},"end":{"line":62,"column":66}},"type":"binary-expr","locations":[{"start":{"line":62,"column":21},"end":{"line":62,"column":37}},{"start":{"line":62,"column":41},"end":{"line":62,"column":66}}],"line":62}},"s":{"0":2,"1":10,"2":10,"3":0,"4":0,"5":0,"6":0,"7":0,"8":0,"9":0,"10":0,"11":0,"12":0,"13":1,"14":1,"15":1,"16":1,"17":1,"18":0,"19":0,"20":0,"21":0,"22":0,"23":0,"24":0,"25":12,"26":0},"f":{"0":10,"1":0,"2":0,"3":0,"4":0,"5":0,"6":0,"7":1,"8":1,"9":1,"10":1,"11":0,"12":0,"13":0,"14":12,"15":0},"b":{"0":[2,8],"1":[2,8],"2":[2,8],"3":[2,8],"4":[0,0],"5":[0,0],"6":[1,0],"7":[0,0],"8":[0,0],"9":[12,0]},"_coverageSchema":"332fd63041d2c1bcb487cc26dd0d5f7d97098a6c","hash":"d41d3fec0df2c58cd200cfe172da9f58732ef3c8"}
,"C:\\Users\\peter\\Desktop\\react-course-projects\\expensify-app\\src\\components\\ExpenseList.js": {"path":"C:\\Users\\peter\\Desktop\\react-course-projects\\expensify-app\\src\\components\\ExpenseList.js","statementMap":{"0":{"start":{"line":9,"column":22},"end":{"line":13,"column":1}},"1":{"start":{"line":10,"column":32},"end":{"line":10,"column":61}},"2":{"start":{"line":14,"column":23},"end":{"line":18,"column":1}},"3":{"start":{"line":15,"column":32},"end":{"line":15,"column":61}},"4":{"start":{"line":20,"column":19},"end":{"line":26,"column":1}},"5":{"start":{"line":25,"column":24},"end":{"line":25,"column":41}},"6":{"start":{"line":25,"column":54},"end":{"line":25,"column":71}},"7":{"start":{"line":28,"column":17},"end":{"line":33,"column":1}},"8":{"start":{"line":29,"column":31},"end":{"line":29,"column":48}},"9":{"start":{"line":30,"column":34},"end":{"line":30,"column":63}},"10":{"start":{"line":31,"column":35},"end":{"line":31,"column":52}},"11":{"start":{"line":35,"column":16},"end":{"line":43,"column":1}},"12":{"start":{"line":38,"column":22},"end":{"line":38,"column":38}},"13":{"start":{"line":39,"column":24},"end":{"line":39,"column":41}},"14":{"start":{"line":45,"column":27},"end":{"line":66,"column":1}},"15":{"start":{"line":46,"column":4},"end":{"line":65,"column":23}},"16":{"start":{"line":60,"column":28},"end":{"line":60,"column":85}},"17":{"start":{"line":68,"column":24},"end":{"line":72,"column":1}},"18":{"start":{"line":69,"column":4},"end":{"line":71,"column":6}}},"fnMap":{"0":{"name":"(anonymous_0)","decl":{"start":{"line":10,"column":23},"end":{"line":10,"column":24}},"loc":{"start":{"line":10,"column":32},"end":{"line":10,"column":61}},"line":10},"1":{"name":"(anonymous_1)","decl":{"start":{"line":15,"column":23},"end":{"line":15,"column":24}},"loc":{"start":{"line":15,"column":32},"end":{"line":15,"column":61}},"line":15},"2":{"name":"(anonymous_2)","decl":{"start":{"line":25,"column":15},"end":{"line":25,"column":16}},"loc":{"start":{"line":25,"column":24},"end":{"line":25,"column":41}},"line":25},"3":{"name":"(anonymous_3)","decl":{"start":{"line":25,"column":45},"end":{"line":25,"column":46}},"loc":{"start":{"line":25,"column":54},"end":{"line":25,"column":71}},"line":25},"4":{"name":"(anonymous_4)","decl":{"start":{"line":29,"column":22},"end":{"line":29,"column":23}},"loc":{"start":{"line":29,"column":31},"end":{"line":29,"column":48}},"line":29},"5":{"name":"(anonymous_5)","decl":{"start":{"line":30,"column":25},"end":{"line":30,"column":26}},"loc":{"start":{"line":30,"column":34},"end":{"line":30,"column":63}},"line":30},"6":{"name":"(anonymous_6)","decl":{"start":{"line":31,"column":26},"end":{"line":31,"column":27}},"loc":{"start":{"line":31,"column":35},"end":{"line":31,"column":52}},"line":31},"7":{"name":"(anonymous_7)","decl":{"start":{"line":38,"column":13},"end":{"line":38,"column":14}},"loc":{"start":{"line":38,"column":22},"end":{"line":38,"column":38}},"line":38},"8":{"name":"(anonymous_8)","decl":{"start":{"line":39,"column":15},"end":{"line":39,"column":16}},"loc":{"start":{"line":39,"column":24},"end":{"line":39,"column":41}},"line":39},"9":{"name":"(anonymous_9)","decl":{"start":{"line":45,"column":27},"end":{"line":45,"column":28}},"loc":{"start":{"line":46,"column":4},"end":{"line":65,"column":23}},"line":46},"10":{"name":"(anonymous_10)","decl":{"start":{"line":59,"column":43},"end":{"line":59,"column":44}},"loc":{"start":{"line":59,"column":56},"end":{"line":61,"column":25}},"line":59},"11":{"name":"(anonymous_11)","decl":{"start":{"line":68,"column":24},"end":{"line":68,"column":25}},"loc":{"start":{"line":68,"column":35},"end":{"line":72,"column":1}},"line":68}},"branchMap":{"0":{"loc":{"start":{"line":54,"column":16},"end":{"line":62,"column":21}},"type":"cond-expr","locations":[{"start":{"line":55,"column":20},"end":{"line":57,"column":26}},{"start":{"line":59,"column":24},"end":{"line":61,"column":26}}],"line":54}},"s":{"0":2,"1":0,"2":2,"3":0,"4":2,"5":0,"6":0,"7":2,"8":0,"9":0,"10":0,"11":2,"12":0,"13":0,"14":2,"15":2,"16":3,"17":2,"18":0},"f":{"0":0,"1":0,"2":0,"3":0,"4":0,"5":0,"6":0,"7":0,"8":0,"9":2,"10":3,"11":0},"b":{"0":[1,1]},"_coverageSchema":"332fd63041d2c1bcb487cc26dd0d5f7d97098a6c","hash":"c05e1cddfdb355804a879536c47445028b88131f"}
,"C:\\Users\\peter\\Desktop\\react-course-projects\\expensify-app\\src\\components\\ExpenseListFilters.js": {"path":"C:\\Users\\peter\\Desktop\\react-course-projects\\expensify-app\\src\\components\\ExpenseListFilters.js","statementMap":{"0":{"start":{"line":10,"column":19},"end":{"line":20,"column":1}},"1":{"start":{"line":13,"column":29},"end":{"line":13,"column":46}},"2":{"start":{"line":15,"column":32},"end":{"line":15,"column":61}},"3":{"start":{"line":18,"column":31},"end":{"line":18,"column":48}},"4":{"start":{"line":23,"column":13},"end":{"line":29,"column":1}},"5":{"start":{"line":24,"column":30},"end":{"line":24,"column":47}},"6":{"start":{"line":25,"column":34},"end":{"line":25,"column":63}},"7":{"start":{"line":26,"column":33},"end":{"line":26,"column":50}},"8":{"start":{"line":27,"column":36},"end":{"line":27,"column":53}},"9":{"start":{"line":37,"column":8},"end":{"line":37,"column":43}},"10":{"start":{"line":38,"column":8},"end":{"line":38,"column":39}},"11":{"start":{"line":41,"column":8},"end":{"line":41,"column":51}},"12":{"start":{"line":41,"column":29},"end":{"line":41,"column":48}},"13":{"start":{"line":44,"column":8},"end":{"line":44,"column":49}},"14":{"start":{"line":47,"column":8},"end":{"line":51,"column":9}},"15":{"start":{"line":48,"column":12},"end":{"line":48,"column":36}},"16":{"start":{"line":49,"column":15},"end":{"line":51,"column":9}},"17":{"start":{"line":50,"column":12},"end":{"line":50,"column":38}},"18":{"start":{"line":54,"column":8},"end":{"line":82,"column":10}},"19":{"start":{"line":77,"column":50},"end":{"line":77,"column":55}},"20":{"start":{"line":86,"column":27},"end":{"line":92,"column":2}},"21":{"start":{"line":86,"column":42},"end":{"line":92,"column":1}},"22":{"start":{"line":87,"column":29},"end":{"line":87,"column":58}},"23":{"start":{"line":88,"column":22},"end":{"line":88,"column":44}},"24":{"start":{"line":89,"column":24},"end":{"line":89,"column":48}},"25":{"start":{"line":90,"column":33},"end":{"line":90,"column":66}},"26":{"start":{"line":91,"column":29},"end":{"line":91,"column":58}},"27":{"start":{"line":94,"column":24},"end":{"line":96,"column":2}},"28":{"start":{"line":94,"column":36},"end":{"line":96,"column":1}}},"fnMap":{"0":{"name":"(anonymous_0)","decl":{"start":{"line":13,"column":20},"end":{"line":13,"column":21}},"loc":{"start":{"line":13,"column":29},"end":{"line":13,"column":46}},"line":13},"1":{"name":"(anonymous_1)","decl":{"start":{"line":15,"column":23},"end":{"line":15,"column":24}},"loc":{"start":{"line":15,"column":32},"end":{"line":15,"column":61}},"line":15},"2":{"name":"(anonymous_2)","decl":{"start":{"line":18,"column":22},"end":{"line":18,"column":23}},"loc":{"start":{"line":18,"column":31},"end":{"line":18,"column":48}},"line":18},"3":{"name":"(anonymous_3)","decl":{"start":{"line":24,"column":21},"end":{"line":24,"column":22}},"loc":{"start":{"line":24,"column":30},"end":{"line":24,"column":47}},"line":24},"4":{"name":"(anonymous_4)","decl":{"start":{"line":25,"column":25},"end":{"line":25,"column":26}},"loc":{"start":{"line":25,"column":34},"end":{"line":25,"column":63}},"line":25},"5":{"name":"(anonymous_5)","decl":{"start":{"line":26,"column":24},"end":{"line":26,"column":25}},"loc":{"start":{"line":26,"column":33},"end":{"line":26,"column":50}},"line":26},"6":{"name":"(anonymous_6)","decl":{"start":{"line":27,"column":27},"end":{"line":27,"column":28}},"loc":{"start":{"line":27,"column":36},"end":{"line":27,"column":53}},"line":27},"7":{"name":"(anonymous_7)","decl":{"start":{"line":36,"column":19},"end":{"line":36,"column":20}},"loc":{"start":{"line":36,"column":47},"end":{"line":39,"column":5}},"line":36},"8":{"name":"(anonymous_8)","decl":{"start":{"line":40,"column":20},"end":{"line":40,"column":21}},"loc":{"start":{"line":40,"column":41},"end":{"line":42,"column":5}},"line":40},"9":{"name":"(anonymous_9)","decl":{"start":{"line":41,"column":22},"end":{"line":41,"column":23}},"loc":{"start":{"line":41,"column":29},"end":{"line":41,"column":48}},"line":41},"10":{"name":"(anonymous_10)","decl":{"start":{"line":43,"column":19},"end":{"line":43,"column":20}},"loc":{"start":{"line":43,"column":26},"end":{"line":45,"column":5}},"line":43},"11":{"name":"(anonymous_11)","decl":{"start":{"line":46,"column":19},"end":{"line":46,"column":20}},"loc":{"start":{"line":46,"column":26},"end":{"line":52,"column":5}},"line":46},"12":{"name":"(anonymous_12)","decl":{"start":{"line":53,"column":4},"end":{"line":53,"column":5}},"loc":{"start":{"line":53,"column":13},"end":{"line":83,"column":5}},"line":53},"13":{"name":"(anonymous_13)","decl":{"start":{"line":77,"column":44},"end":{"line":77,"column":45}},"loc":{"start":{"line":77,"column":50},"end":{"line":77,"column":55}},"line":77},"14":{"name":"(anonymous_14)","decl":{"start":{"line":86,"column":27},"end":{"line":86,"column":28}},"loc":{"start":{"line":86,"column":42},"end":{"line":92,"column":1}},"line":86},"15":{"name":"(anonymous_15)","decl":{"start":{"line":87,"column":19},"end":{"line":87,"column":20}},"loc":{"start":{"line":87,"column":29},"end":{"line":87,"column":58}},"line":87},"16":{"name":"(anonymous_16)","decl":{"start":{"line":88,"column":16},"end":{"line":88,"column":17}},"loc":{"start":{"line":88,"column":22},"end":{"line":88,"column":44}},"line":88},"17":{"name":"(anonymous_17)","decl":{"start":{"line":89,"column":18},"end":{"line":89,"column":19}},"loc":{"start":{"line":89,"column":24},"end":{"line":89,"column":48}},"line":89},"18":{"name":"(anonymous_18)","decl":{"start":{"line":90,"column":18},"end":{"line":90,"column":19}},"loc":{"start":{"line":90,"column":33},"end":{"line":90,"column":66}},"line":90},"19":{"name":"(anonymous_19)","decl":{"start":{"line":91,"column":16},"end":{"line":91,"column":17}},"loc":{"start":{"line":91,"column":29},"end":{"line":91,"column":58}},"line":91},"20":{"name":"(anonymous_20)","decl":{"start":{"line":94,"column":24},"end":{"line":94,"column":25}},"loc":{"start":{"line":94,"column":36},"end":{"line":96,"column":1}},"line":94}},"branchMap":{"0":{"loc":{"start":{"line":47,"column":8},"end":{"line":51,"column":9}},"type":"if","locations":[{"start":{"line":47,"column":8},"end":{"line":51,"column":9}},{"start":{"line":47,"column":8},"end":{"line":51,"column":9}}],"line":47},"1":{"loc":{"start":{"line":49,"column":15},"end":{"line":51,"column":9}},"type":"if","locations":[{"start":{"line":49,"column":15},"end":{"line":51,"column":9}},{"start":{"line":49,"column":15},"end":{"line":51,"column":9}}],"line":49}},"s":{"0":2,"1":0,"2":0,"3":0,"4":2,"5":0,"6":0,"7":0,"8":0,"9":1,"10":1,"11":1,"12":1,"13":0,"14":0,"15":0,"16":0,"17":0,"18":9,"19":0,"20":2,"21":0,"22":0,"23":0,"24":0,"25":0,"26":0,"27":2,"28":0},"f":{"0":0,"1":0,"2":0,"3":0,"4":0,"5":0,"6":0,"7":1,"8":1,"9":1,"10":0,"11":0,"12":9,"13":0,"14":0,"15":0,"16":0,"17":0,"18":0,"19":0,"20":0},"b":{"0":[0,0],"1":[0,0]},"_coverageSchema":"332fd63041d2c1bcb487cc26dd0d5f7d97098a6c","hash":"e4441490e3cf9aae408313e0473cd15d9fd6d033"}
,"C:\\Users\\peter\\Desktop\\react-course-projects\\expensify-app\\src\\components\\ExpenseListItem.js": {"path":"C:\\Users\\peter\\Desktop\\react-course-projects\\expensify-app\\src\\components\\ExpenseListItem.js","statementMap":{"0":{"start":{"line":8,"column":17},"end":{"line":26,"column":1}},"1":{"start":{"line":14,"column":25},"end":{"line":14,"column":42}},"2":{"start":{"line":18,"column":32},"end":{"line":18,"column":52}},"3":{"start":{"line":20,"column":34},"end":{"line":20,"column":63}},"4":{"start":{"line":24,"column":29},"end":{"line":24,"column":46}},"5":{"start":{"line":28,"column":18},"end":{"line":31,"column":1}},"6":{"start":{"line":33,"column":21},"end":{"line":36,"column":1}},"7":{"start":{"line":34,"column":23},"end":{"line":34,"column":39}},"8":{"start":{"line":38,"column":17},"end":{"line":44,"column":1}},"9":{"start":{"line":39,"column":23},"end":{"line":39,"column":40}},"10":{"start":{"line":40,"column":34},"end":{"line":40,"column":63}},"11":{"start":{"line":42,"column":33},"end":{"line":42,"column":50}},"12":{"start":{"line":49,"column":4},"end":{"line":58,"column":15}}},"fnMap":{"0":{"name":"(anonymous_0)","decl":{"start":{"line":14,"column":16},"end":{"line":14,"column":17}},"loc":{"start":{"line":14,"column":25},"end":{"line":14,"column":42}},"line":14},"1":{"name":"(anonymous_1)","decl":{"start":{"line":18,"column":23},"end":{"line":18,"column":24}},"loc":{"start":{"line":18,"column":32},"end":{"line":18,"column":52}},"line":18},"2":{"name":"(anonymous_2)","decl":{"start":{"line":20,"column":25},"end":{"line":20,"column":26}},"loc":{"start":{"line":20,"column":34},"end":{"line":20,"column":63}},"line":20},"3":{"name":"(anonymous_3)","decl":{"start":{"line":24,"column":20},"end":{"line":24,"column":21}},"loc":{"start":{"line":24,"column":29},"end":{"line":24,"column":46}},"line":24},"4":{"name":"(anonymous_4)","decl":{"start":{"line":34,"column":14},"end":{"line":34,"column":15}},"loc":{"start":{"line":34,"column":23},"end":{"line":34,"column":39}},"line":34},"5":{"name":"(anonymous_5)","decl":{"start":{"line":39,"column":14},"end":{"line":39,"column":15}},"loc":{"start":{"line":39,"column":23},"end":{"line":39,"column":40}},"line":39},"6":{"name":"(anonymous_6)","decl":{"start":{"line":40,"column":25},"end":{"line":40,"column":26}},"loc":{"start":{"line":40,"column":34},"end":{"line":40,"column":63}},"line":40},"7":{"name":"(anonymous_7)","decl":{"start":{"line":42,"column":24},"end":{"line":42,"column":25}},"loc":{"start":{"line":42,"column":33},"end":{"line":42,"column":50}},"line":42},"8":{"name":"(anonymous_8)","decl":{"start":{"line":47,"column":15},"end":{"line":47,"column":16}},"loc":{"start":{"line":49,"column":4},"end":{"line":58,"column":15}},"line":49}},"branchMap":{},"s":{"0":3,"1":0,"2":0,"3":0,"4":0,"5":3,"6":3,"7":0,"8":3,"9":0,"10":0,"11":0,"12":1},"f":{"0":0,"1":0,"2":0,"3":0,"4":0,"5":0,"6":0,"7":0,"8":1},"b":{},"_coverageSchema":"332fd63041d2c1bcb487cc26dd0d5f7d97098a6c","hash":"295ad52376e2b058fdd984242c32945306e63fe0"}
,"C:\\Users\\peter\\Desktop\\react-course-projects\\expensify-app\\src\\components\\ExpenseSummary.js": {"path":"C:\\Users\\peter\\Desktop\\react-course-projects\\expensify-app\\src\\components\\ExpenseSummary.js","statementMap":{"0":{"start":{"line":11,"column":19},"end":{"line":15,"column":1}},"1":{"start":{"line":13,"column":31},"end":{"line":13,"column":48}},"2":{"start":{"line":14,"column":24},"end":{"line":14,"column":41}},"3":{"start":{"line":18,"column":19},"end":{"line":20,"column":1}},"4":{"start":{"line":19,"column":26},"end":{"line":19,"column":43}},"5":{"start":{"line":23,"column":16},"end":{"line":27,"column":1}},"6":{"start":{"line":29,"column":13},"end":{"line":31,"column":1}},"7":{"start":{"line":34,"column":23},"end":{"line":54,"column":1}},"8":{"start":{"line":35,"column":24},"end":{"line":35,"column":66}},"9":{"start":{"line":36,"column":25},"end":{"line":36,"column":70}},"10":{"start":{"line":37,"column":4},"end":{"line":53,"column":6}}},"fnMap":{"0":{"name":"(anonymous_0)","decl":{"start":{"line":13,"column":22},"end":{"line":13,"column":23}},"loc":{"start":{"line":13,"column":31},"end":{"line":13,"column":48}},"line":13},"1":{"name":"(anonymous_1)","decl":{"start":{"line":14,"column":15},"end":{"line":14,"column":16}},"loc":{"start":{"line":14,"column":24},"end":{"line":14,"column":41}},"line":14},"2":{"name":"(anonymous_2)","decl":{"start":{"line":19,"column":17},"end":{"line":19,"column":18}},"loc":{"start":{"line":19,"column":26},"end":{"line":19,"column":43}},"line":19},"3":{"name":"(anonymous_3)","decl":{"start":{"line":34,"column":23},"end":{"line":34,"column":24}},"loc":{"start":{"line":34,"column":58},"end":{"line":54,"column":1}},"line":34}},"branchMap":{"0":{"loc":{"start":{"line":35,"column":24},"end":{"line":35,"column":66}},"type":"cond-expr","locations":[{"start":{"line":35,"column":44},"end":{"line":35,"column":54}},{"start":{"line":35,"column":57},"end":{"line":35,"column":66}}],"line":35},"1":{"loc":{"start":{"line":40,"column":18},"end":{"line":41,"column":46}},"type":"binary-expr","locations":[{"start":{"line":40,"column":18},"end":{"line":40,"column":37}},{"start":{"line":41,"column":20},"end":{"line":41,"column":46}}],"line":40},"2":{"loc":{"start":{"line":43,"column":18},"end":{"line":49,"column":25}},"type":"binary-expr","locations":[{"start":{"line":43,"column":18},"end":{"line":43,"column":35}},{"start":{"line":44,"column":17},"end":{"line":49,"column":25}}],"line":43}},"s":{"0":1,"1":0,"2":0,"3":1,"4":0,"5":1,"6":1,"7":1,"8":0,"9":0,"10":0},"f":{"0":0,"1":0,"2":0,"3":0},"b":{"0":[0,0],"1":[0,0],"2":[0,0]},"_coverageSchema":"332fd63041d2c1bcb487cc26dd0d5f7d97098a6c","hash":"63d6f36d3be50c6db25b2e6fea5485959c3d7621"}
,"C:\\Users\\peter\\Desktop\\react-course-projects\\expensify-app\\src\\components\\Header.js": {"path":"C:\\Users\\peter\\Desktop\\react-course-projects\\expensify-app\\src\\components\\Header.js","statementMap":{"0":{"start":{"line":9,"column":21},"end":{"line":14,"column":1}},"1":{"start":{"line":17,"column":21},"end":{"line":21,"column":1}},"2":{"start":{"line":20,"column":33},"end":{"line":20,"column":49}},"3":{"start":{"line":24,"column":22},"end":{"line":35,"column":1}},"4":{"start":{"line":25,"column":4},"end":{"line":34,"column":17}},"5":{"start":{"line":37,"column":27},"end":{"line":39,"column":2}},"6":{"start":{"line":37,"column":42},"end":{"line":39,"column":1}},"7":{"start":{"line":38,"column":23},"end":{"line":38,"column":46}}},"fnMap":{"0":{"name":"(anonymous_0)","decl":{"start":{"line":20,"column":24},"end":{"line":20,"column":25}},"loc":{"start":{"line":20,"column":33},"end":{"line":20,"column":49}},"line":20},"1":{"name":"(anonymous_1)","decl":{"start":{"line":24,"column":22},"end":{"line":24,"column":23}},"loc":{"start":{"line":25,"column":4},"end":{"line":34,"column":17}},"line":25},"2":{"name":"(anonymous_2)","decl":{"start":{"line":37,"column":27},"end":{"line":37,"column":28}},"loc":{"start":{"line":37,"column":42},"end":{"line":39,"column":1}},"line":37},"3":{"name":"(anonymous_3)","decl":{"start":{"line":38,"column":17},"end":{"line":38,"column":18}},"loc":{"start":{"line":38,"column":23},"end":{"line":38,"column":46}},"line":38}},"branchMap":{},"s":{"0":1,"1":1,"2":0,"3":1,"4":2,"5":1,"6":0,"7":0},"f":{"0":0,"1":2,"2":0,"3":0},"b":{},"_coverageSchema":"332fd63041d2c1bcb487cc26dd0d5f7d97098a6c","hash":"1511d359b5b84e1c524bf8bd41bba4a35e086243"}
,"C:\\Users\\peter\\Desktop\\react-course-projects\\expensify-app\\src\\components\\LoginPage.js": {"path":"C:\\Users\\peter\\Desktop\\react-course-projects\\expensify-app\\src\\components\\LoginPage.js","statementMap":{"0":{"start":{"line":6,"column":25},"end":{"line":14,"column":1}},"1":{"start":{"line":7,"column":4},"end":{"line":13,"column":10}},"2":{"start":{"line":16,"column":27},"end":{"line":18,"column":2}},"3":{"start":{"line":16,"column":42},"end":{"line":18,"column":1}},"4":{"start":{"line":17,"column":22},"end":{"line":17,"column":44}}},"fnMap":{"0":{"name":"(anonymous_0)","decl":{"start":{"line":6,"column":25},"end":{"line":6,"column":26}},"loc":{"start":{"line":7,"column":4},"end":{"line":13,"column":10}},"line":7},"1":{"name":"(anonymous_1)","decl":{"start":{"line":16,"column":27},"end":{"line":16,"column":28}},"loc":{"start":{"line":16,"column":42},"end":{"line":18,"column":1}},"line":16},"2":{"name":"(anonymous_2)","decl":{"start":{"line":17,"column":16},"end":{"line":17,"column":17}},"loc":{"start":{"line":17,"column":22},"end":{"line":17,"column":44}},"line":17}},"branchMap":{},"s":{"0":1,"1":2,"2":1,"3":0,"4":0},"f":{"0":2,"1":0,"2":0},"b":{},"_coverageSchema":"332fd63041d2c1bcb487cc26dd0d5f7d97098a6c","hash":"098173bcc3c920914e9576d0423499fae2bc9e9f"}
,"C:\\Users\\peter\\Desktop\\react-course-projects\\expensify-app\\src\\firebase\\firebase.js": {"path":"C:\\Users\\peter\\Desktop\\react-course-projects\\expensify-app\\src\\firebase\\firebase.js","statementMap":{"0":{"start":{"line":4,"column":15},"end":{"line":11,"column":1}},"1":{"start":{"line":13,"column":0},"end":{"line":13,"column":31}},"2":{"start":{"line":14,"column":17},"end":{"line":14,"column":36}},"3":{"start":{"line":15,"column":27},"end":{"line":15,"column":65}}},"fnMap":{},"branchMap":{},"s":{"0":3,"1":3,"2":3,"3":3},"f":{},"b":{},"_coverageSchema":"332fd63041d2c1bcb487cc26dd0d5f7d97098a6c","hash":"ed010c1265dfc70723a7968f0ca0547648130fda"}
,"C:\\Users\\peter\\Desktop\\react-course-projects\\expensify-app\\src\\selectors\\expenses-total.js": {"path":"C:\\Users\\peter\\Desktop\\react-course-projects\\expensify-app\\src\\selectors\\expenses-total.js","statementMap":{"0":{"start":{"line":4,"column":4},"end":{"line":6,"column":48}},"1":{"start":{"line":5,"column":27},"end":{"line":5,"column":41}},"2":{"start":{"line":6,"column":33},"end":{"line":6,"column":44}}},"fnMap":{"0":{"name":"(anonymous_0)","decl":{"start":{"line":3,"column":15},"end":{"line":3,"column":16}},"loc":{"start":{"line":3,"column":29},"end":{"line":7,"column":1}},"line":3},"1":{"name":"(anonymous_1)","decl":{"start":{"line":5,"column":13},"end":{"line":5,"column":14}},"loc":{"start":{"line":5,"column":27},"end":{"line":5,"column":41}},"line":5},"2":{"name":"(anonymous_2)","decl":{"start":{"line":6,"column":17},"end":{"line":6,"column":18}},"loc":{"start":{"line":6,"column":33},"end":{"line":6,"column":44}},"line":6}},"branchMap":{},"s":{"0":1,"1":3,"2":3},"f":{"0":1,"1":3,"2":3},"b":{},"_coverageSchema":"332fd63041d2c1bcb487cc26dd0d5f7d97098a6c","hash":"a9cb63af35d7e7e249e082e5d250953a1d96025a"}
,"C:\\Users\\peter\\Desktop\\react-course-projects\\expensify-app\\src\\selectors\\expenses.js": {"path":"C:\\Users\\peter\\Desktop\\react-course-projects\\expensify-app\\src\\selectors\\expenses.js","statementMap":{"0":{"start":{"line":4,"column":4},"end":{"line":20,"column":7}},"1":{"start":{"line":6,"column":32},"end":{"line":6,"column":57}},"2":{"start":{"line":7,"column":31},"end":{"line":7,"column":97}},"3":{"start":{"line":8,"column":29},"end":{"line":8,"column":91}},"4":{"start":{"line":10,"column":26},"end":{"line":10,"column":88}},"5":{"start":{"line":12,"column":8},"end":{"line":12,"column":59}},"6":{"start":{"line":14,"column":8},"end":{"line":18,"column":9}},"7":{"start":{"line":15,"column":12},"end":{"line":15,"column":54}},"8":{"start":{"line":17,"column":12},"end":{"line":17,"column":48}}},"fnMap":{"0":{"name":"(anonymous_0)","decl":{"start":{"line":3,"column":15},"end":{"line":3,"column":16}},"loc":{"start":{"line":3,"column":65},"end":{"line":21,"column":1}},"line":3},"1":{"name":"(anonymous_1)","decl":{"start":{"line":4,"column":27},"end":{"line":4,"column":28}},"loc":{"start":{"line":4,"column":40},"end":{"line":13,"column":5}},"line":4},"2":{"name":"(anonymous_2)","decl":{"start":{"line":13,"column":12},"end":{"line":13,"column":13}},"loc":{"start":{"line":13,"column":21},"end":{"line":20,"column":5}},"line":13}},"branchMap":{"0":{"loc":{"start":{"line":7,"column":31},"end":{"line":7,"column":97}},"type":"cond-expr","locations":[{"start":{"line":7,"column":43},"end":{"line":7,"column":90}},{"start":{"line":7,"column":93},"end":{"line":7,"column":97}}],"line":7},"1":{"loc":{"start":{"line":8,"column":29},"end":{"line":8,"column":91}},"type":"cond-expr","locations":[{"start":{"line":8,"column":39},"end":{"line":8,"column":84}},{"start":{"line":8,"column":87},"end":{"line":8,"column":91}}],"line":8},"2":{"loc":{"start":{"line":12,"column":15},"end":{"line":12,"column":58}},"type":"binary-expr","locations":[{"start":{"line":12,"column":15},"end":{"line":12,"column":29}},{"start":{"line":12,"column":33},"end":{"line":12,"column":45}},{"start":{"line":12,"column":49},"end":{"line":12,"column":58}}],"line":12},"3":{"loc":{"start":{"line":14,"column":8},"end":{"line":18,"column":9}},"type":"if","locations":[{"start":{"line":14,"column":8},"end":{"line":18,"column":9}},{"start":{"line":14,"column":8},"end":{"line":18,"column":9}}],"line":14},"4":{"loc":{"start":{"line":15,"column":19},"end":{"line":15,"column":53}},"type":"cond-expr","locations":[{"start":{"line":15,"column":47},"end":{"line":15,"column":48}},{"start":{"line":15,"column":51},"end":{"line":15,"column":53}}],"line":15},"5":{"loc":{"start":{"line":17,"column":19},"end":{"line":17,"column":47}},"type":"cond-expr","locations":[{"start":{"line":17,"column":41},"end":{"line":17,"column":42}},{"start":{"line":17,"column":45},"end":{"line":17,"column":47}}],"line":17}},"s":{"0":0,"1":0,"2":0,"3":0,"4":0,"5":0,"6":0,"7":0,"8":0},"f":{"0":0,"1":0,"2":0},"b":{"0":[0,0],"1":[0,0],"2":[0,0,0],"3":[0,0],"4":[0,0],"5":[0,0]},"_coverageSchema":"332fd63041d2c1bcb487cc26dd0d5f7d97098a6c","hash":"c0ac79cdc665eb9d79add6b19feb6ae4a712d9b3"}
,"C:\\Users\\peter\\Desktop\\react-course-projects\\expensify-app\\src\\styles\\styled.js": {"path":"C:\\Users\\peter\\Desktop\\react-course-projects\\expensify-app\\src\\styles\\styled.js","statementMap":{"0":{"start":{"line":6,"column":9},"end":{"line":6,"column":25}},"1":{"start":{"line":7,"column":11},"end":{"line":7,"column":20}},"2":{"start":{"line":8,"column":15},"end":{"line":8,"column":24}},"3":{"start":{"line":9,"column":11},"end":{"line":9,"column":17}},"4":{"start":{"line":10,"column":20},"end":{"line":10,"column":28}},"5":{"start":{"line":11,"column":12},"end":{"line":11,"column":20}},"6":{"start":{"line":12,"column":12},"end":{"line":12,"column":20}},"7":{"start":{"line":13,"column":12},"end":{"line":13,"column":20}},"8":{"start":{"line":14,"column":24},"end":{"line":14,"column":31}},"9":{"start":{"line":17,"column":21},"end":{"line":30,"column":1}},"10":{"start":{"line":18,"column":4},"end":{"line":29,"column":5}},"11":{"start":{"line":33,"column":32},"end":{"line":37,"column":1}},"12":{"start":{"line":39,"column":26},"end":{"line":49,"column":1}},"13":{"start":{"line":51,"column":22},"end":{"line":61,"column":1}},"14":{"start":{"line":63,"column":28},"end":{"line":65,"column":1}},"15":{"start":{"line":67,"column":25},"end":{"line":73,"column":1}},"16":{"start":{"line":70,"column":26},"end":{"line":70,"column":51}},"17":{"start":{"line":72,"column":25},"end":{"line":72,"column":42}},"18":{"start":{"line":75,"column":22},"end":{"line":81,"column":1}},"19":{"start":{"line":78,"column":26},"end":{"line":78,"column":51}},"20":{"start":{"line":80,"column":25},"end":{"line":80,"column":42}},"21":{"start":{"line":83,"column":24},"end":{"line":89,"column":1}},"22":{"start":{"line":86,"column":26},"end":{"line":86,"column":51}},"23":{"start":{"line":88,"column":25},"end":{"line":88,"column":42}},"24":{"start":{"line":92,"column":26},"end":{"line":94,"column":1}},"25":{"start":{"line":96,"column":31},"end":{"line":100,"column":1}},"26":{"start":{"line":102,"column":24},"end":{"line":106,"column":1}},"27":{"start":{"line":108,"column":20},"end":{"line":114,"column":1}},"28":{"start":{"line":112,"column":35},"end":{"line":112,"column":52}},"29":{"start":{"line":116,"column":24},"end":{"line":119,"column":1}},"30":{"start":{"line":117,"column":27},"end":{"line":117,"column":44}}},"fnMap":{"0":{"name":"(anonymous_0)","decl":{"start":{"line":17,"column":21},"end":{"line":17,"column":22}},"loc":{"start":{"line":17,"column":27},"end":{"line":30,"column":1}},"line":17},"1":{"name":"(anonymous_1)","decl":{"start":{"line":70,"column":17},"end":{"line":70,"column":18}},"loc":{"start":{"line":70,"column":26},"end":{"line":70,"column":51}},"line":70},"2":{"name":"(anonymous_2)","decl":{"start":{"line":72,"column":16},"end":{"line":72,"column":17}},"loc":{"start":{"line":72,"column":25},"end":{"line":72,"column":42}},"line":72},"3":{"name":"(anonymous_3)","decl":{"start":{"line":78,"column":17},"end":{"line":78,"column":18}},"loc":{"start":{"line":78,"column":26},"end":{"line":78,"column":51}},"line":78},"4":{"name":"(anonymous_4)","decl":{"start":{"line":80,"column":16},"end":{"line":80,"column":17}},"loc":{"start":{"line":80,"column":25},"end":{"line":80,"column":42}},"line":80},"5":{"name":"(anonymous_5)","decl":{"start":{"line":86,"column":17},"end":{"line":86,"column":18}},"loc":{"start":{"line":86,"column":26},"end":{"line":86,"column":51}},"line":86},"6":{"name":"(anonymous_6)","decl":{"start":{"line":88,"column":16},"end":{"line":88,"column":17}},"loc":{"start":{"line":88,"column":25},"end":{"line":88,"column":42}},"line":88},"7":{"name":"(anonymous_7)","decl":{"start":{"line":112,"column":26},"end":{"line":112,"column":27}},"loc":{"start":{"line":112,"column":35},"end":{"line":112,"column":52}},"line":112},"8":{"name":"(anonymous_8)","decl":{"start":{"line":117,"column":18},"end":{"line":117,"column":19}},"loc":{"start":{"line":117,"column":27},"end":{"line":117,"column":44}},"line":117}},"branchMap":{},"s":{"0":6,"1":6,"2":6,"3":6,"4":6,"5":6,"6":6,"7":6,"8":6,"9":6,"10":0,"11":6,"12":6,"13":6,"14":6,"15":6,"16":0,"17":0,"18":6,"19":0,"20":0,"21":6,"22":0,"23":0,"24":6,"25":6,"26":6,"27":6,"28":0,"29":6,"30":0},"f":{"0":0,"1":0,"2":0,"3":0,"4":0,"5":0,"6":0,"7":0,"8":0},"b":{},"_coverageSchema":"332fd63041d2c1bcb487cc26dd0d5f7d97098a6c","hash":"048e6e4ba253305a8c7f44502d9ac1fdebd63c0e"}
,"C:\\Users\\peter\\Desktop\\react-course-projects\\expensify-app\\src\\tests\\setupTests.js": {"path":"C:\\Users\\peter\\Desktop\\react-course-projects\\expensify-app\\src\\tests\\setupTests.js","statementMap":{"0":{"start":{"line":5,"column":0},"end":{"line":7,"column":3}},"1":{"start":{"line":9,"column":0},"end":{"line":9,"column":35}}},"fnMap":{},"branchMap":{},"s":{"0":8,"1":8},"f":{},"b":{},"_coverageSchema":"332fd63041d2c1bcb487cc26dd0d5f7d97098a6c","hash":"a3acf0fdeac3a0a2879919c2f24c4395029f6a78"}
,"C:\\Users\\peter\\Desktop\\react-course-projects\\expensify-app\\src\\tests\\fixtures\\expenses.js": {"path":"C:\\Users\\peter\\Desktop\\react-course-projects\\expensify-app\\src\\tests\\fixtures\\expenses.js","statementMap":{},"fnMap":{},"branchMap":{},"s":{},"f":{},"b":{},"_coverageSchema":"332fd63041d2c1bcb487cc26dd0d5f7d97098a6c","hash":"734b6504c7906421f48367adc585674ddbd60aee"}
,"C:\\Users\\peter\\Desktop\\react-course-projects\\expensify-app\\src\\tests\\fixtures\\filters.js": {"path":"C:\\Users\\peter\\Desktop\\react-course-projects\\expensify-app\\src\\tests\\fixtures\\filters.js","statementMap":{"0":{"start":{"line":3,"column":16},"end":{"line":8,"column":1}},"1":{"start":{"line":10,"column":19},"end":{"line":15,"column":1}}},"fnMap":{},"branchMap":{},"s":{"0":1,"1":1},"f":{},"b":{},"_coverageSchema":"332fd63041d2c1bcb487cc26dd0d5f7d97098a6c","hash":"772bd1f57fe0a76e125e610bbb75db64d029f501"}
}
