TN:
SF:C:\Users\peter\Desktop\react-course-projects\expensify-app\src\actions\auth.js
FN:4,(anonymous_0)
FN:9,(anonymous_1)
FN:10,(anonymous_2)
FN:15,(anonymous_3)
FN:19,(anonymous_4)
FN:20,(anonymous_5)
FNF:6
FNH:0
FNDA:0,(anonymous_0)
FNDA:0,(anonymous_1)
FNDA:0,(anonymous_2)
FNDA:0,(anonymous_3)
FNDA:0,(anonymous_4)
FNDA:0,(anonymous_5)
DA:4,2
DA:9,2
DA:10,0
DA:11,0
DA:15,2
DA:19,2
DA:20,0
DA:21,0
LF:8
LH:4
BRF:0
BRH:0
end_of_record
TN:
SF:C:\Users\peter\Desktop\react-course-projects\expensify-app\src\actions\expenses.js
FN:5,(anonymous_0)
FN:10,(anonymous_1)
FN:11,(anonymous_2)
FN:21,(anonymous_3)
FN:31,(anonymous_4)
FN:38,(anonymous_5)
FN:39,(anonymous_6)
FN:42,(anonymous_7)
FN:51,(anonymous_8)
FN:57,(anonymous_9)
FN:58,(anonymous_10)
FN:61,(anonymous_11)
FN:67,(anonymous_12)
FN:72,(anonymous_13)
FN:73,(anonymous_14)
FN:76,(anonymous_15)
FN:78,(anonymous_16)
FNF:17
FNH:0
FNDA:0,(anonymous_0)
FNDA:0,(anonymous_1)
FNDA:0,(anonymous_2)
FNDA:0,(anonymous_3)
FNDA:0,(anonymous_4)
FNDA:0,(anonymous_5)
FNDA:0,(anonymous_6)
FNDA:0,(anonymous_7)
FNDA:0,(anonymous_8)
FNDA:0,(anonymous_9)
FNDA:0,(anonymous_10)
FNDA:0,(anonymous_11)
FNDA:0,(anonymous_12)
FNDA:0,(anonymous_13)
FNDA:0,(anonymous_14)
FNDA:0,(anonymous_15)
FNDA:0,(anonymous_16)
DA:5,1
DA:10,1
DA:11,0
DA:12,0
DA:18,0
DA:19,0
DA:21,0
DA:22,0
DA:31,1
DA:32,0
DA:38,1
DA:39,0
DA:40,0
DA:41,0
DA:43,0
DA:51,1
DA:57,1
DA:58,0
DA:59,0
DA:60,0
DA:62,0
DA:67,1
DA:72,1
DA:73,0
DA:74,0
DA:75,0
DA:77,0
DA:78,0
DA:79,0
DA:84,0
LF:30
LH:8
BRDA:10,0,0,0
BRDA:14,1,0,0
BRDA:15,2,0,0
BRDA:16,3,0,0
BRDA:17,4,0,0
BRDA:31,5,0,0
BRDA:38,6,0,0
BRF:7
BRH:0
end_of_record
TN:
SF:C:\Users\peter\Desktop\react-course-projects\expensify-app\src\actions\filters.js
FN:2,(anonymous_0)
FN:8,(anonymous_1)
FN:13,(anonymous_2)
FN:18,(anonymous_3)
FN:23,(anonymous_4)
FNF:5
FNH:0
FNDA:0,(anonymous_0)
FNDA:0,(anonymous_1)
FNDA:0,(anonymous_2)
FNDA:0,(anonymous_3)
FNDA:0,(anonymous_4)
DA:2,2
DA:8,2
DA:13,2
DA:18,2
DA:23,2
LF:5
LH:5
BRDA:2,0,0,0
BRF:1
BRH:0
end_of_record
TN:
SF:C:\Users\peter\Desktop\react-course-projects\expensify-app\src\components\EditExpensePage.js
FN:8,(anonymous_0)
FN:12,(anonymous_1)
FN:16,(anonymous_2)
FN:31,(anonymous_3)
FN:32,(anonymous_4)
FN:33,(anonymous_5)
FN:36,(anonymous_6)
FN:37,(anonymous_7)
FNF:8
FNH:2
FNDA:1,(anonymous_0)
FNDA:0,(anonymous_1)
FNDA:3,(anonymous_2)
FNDA:0,(anonymous_3)
FNDA:0,(anonymous_4)
FNDA:0,(anonymous_5)
FNDA:0,(anonymous_6)
FNDA:0,(anonymous_7)
DA:9,1
DA:10,1
DA:13,0
DA:14,0
DA:17,3
DA:31,1
DA:32,0
DA:33,0
DA:36,1
DA:37,0
LF:10
LH:5
BRF:0
BRH:0
end_of_record
TN:
SF:C:\Users\peter\Desktop\react-course-projects\expensify-app\src\components\ExpenseDashboardPage.js
FN:9,(anonymous_0)
FN:21,(anonymous_1)
FNF:2
FNH:1
FNDA:1,(anonymous_0)
FNDA:0,(anonymous_1)
DA:9,1
DA:10,1
DA:11,1
DA:12,1
DA:21,1
DA:22,0
LF:6
LH:5
BRF:0
BRH:0
end_of_record
TN:
SF:C:\Users\peter\Desktop\react-course-projects\expensify-app\src\components\ExpenseForm.js
FN:11,(anonymous_0)
FN:22,(anonymous_1)
FN:24,(anonymous_2)
FN:26,(anonymous_3)
FN:28,(anonymous_4)
FN:30,(anonymous_5)
FN:33,(anonymous_6)
FN:36,(anonymous_7)
FN:38,(anonymous_8)
FN:41,(anonymous_9)
FN:42,(anonymous_10)
FN:44,(anonymous_11)
FN:47,(anonymous_12)
FN:49,(anonymous_13)
FN:58,(anonymous_14)
FN:83,(anonymous_15)
FNF:16
FNH:6
FNDA:10,(anonymous_0)
FNDA:0,(anonymous_1)
FNDA:0,(anonymous_2)
FNDA:0,(anonymous_3)
FNDA:0,(anonymous_4)
FNDA:0,(anonymous_5)
FNDA:0,(anonymous_6)
FNDA:1,(anonymous_7)
FNDA:1,(anonymous_8)
FNDA:1,(anonymous_9)
FNDA:1,(anonymous_10)
FNDA:0,(anonymous_11)
FNDA:0,(anonymous_12)
FNDA:0,(anonymous_13)
FNDA:12,(anonymous_14)
FNDA:0,(anonymous_15)
DA:7,2
DA:12,10
DA:13,10
DA:23,0
DA:24,0
DA:27,0
DA:28,0
DA:31,0
DA:32,0
DA:33,0
DA:37,1
DA:38,1
DA:42,1
DA:45,0
DA:46,0
DA:47,0
DA:49,0
DA:50,0
DA:59,12
DA:83,0
LF:20
LH:7
BRDA:14,0,0,2
BRDA:14,0,1,8
BRDA:15,1,0,2
BRDA:15,1,1,8
BRDA:16,2,0,2
BRDA:16,2,1,8
BRDA:17,3,0,2
BRDA:17,3,1,8
BRDA:32,4,0,0
BRDA:32,4,1,0
BRDA:32,5,0,0
BRDA:32,5,1,0
BRDA:37,6,0,1
BRDA:37,6,1,0
BRDA:46,7,0,0
BRDA:46,7,1,0
BRDA:46,8,0,0
BRDA:46,8,1,0
BRDA:62,9,0,12
BRDA:62,9,1,0
BRF:20
BRH:10
end_of_record
TN:
SF:C:\Users\peter\Desktop\react-course-projects\expensify-app\src\components\ExpenseList.js
FN:10,(anonymous_0)
FN:15,(anonymous_1)
FN:25,(anonymous_2)
FN:25,(anonymous_3)
FN:29,(anonymous_4)
FN:30,(anonymous_5)
FN:31,(anonymous_6)
FN:38,(anonymous_7)
FN:39,(anonymous_8)
FN:45,(anonymous_9)
FN:59,(anonymous_10)
FN:68,(anonymous_11)
FNF:12
FNH:2
FNDA:0,(anonymous_0)
FNDA:0,(anonymous_1)
FNDA:0,(anonymous_2)
FNDA:0,(anonymous_3)
FNDA:0,(anonymous_4)
FNDA:0,(anonymous_5)
FNDA:0,(anonymous_6)
FNDA:0,(anonymous_7)
FNDA:0,(anonymous_8)
FNDA:2,(anonymous_9)
FNDA:3,(anonymous_10)
FNDA:0,(anonymous_11)
DA:9,2
DA:10,0
DA:14,2
DA:15,0
DA:20,2
DA:25,0
DA:28,2
DA:29,0
DA:30,0
DA:31,0
DA:35,2
DA:38,0
DA:39,0
DA:45,2
DA:46,2
DA:60,3
DA:68,2
DA:69,0
LF:18
LH:9
BRDA:54,0,0,1
BRDA:54,0,1,1
BRF:2
BRH:2
end_of_record
TN:
SF:C:\Users\peter\Desktop\react-course-projects\expensify-app\src\components\ExpenseListFilters.js
FN:13,(anonymous_0)
FN:15,(anonymous_1)
FN:18,(anonymous_2)
FN:24,(anonymous_3)
FN:25,(anonymous_4)
FN:26,(anonymous_5)
FN:27,(anonymous_6)
FN:36,(anonymous_7)
FN:40,(anonymous_8)
FN:41,(anonymous_9)
FN:43,(anonymous_10)
FN:46,(anonymous_11)
FN:53,(anonymous_12)
FN:77,(anonymous_13)
FN:86,(anonymous_14)
FN:87,(anonymous_15)
FN:88,(anonymous_16)
FN:89,(anonymous_17)
FN:90,(anonymous_18)
FN:91,(anonymous_19)
FN:94,(anonymous_20)
FNF:21
FNH:4
FNDA:0,(anonymous_0)
FNDA:0,(anonymous_1)
FNDA:0,(anonymous_2)
FNDA:0,(anonymous_3)
FNDA:0,(anonymous_4)
FNDA:0,(anonymous_5)
FNDA:0,(anonymous_6)
FNDA:1,(anonymous_7)
FNDA:1,(anonymous_8)
FNDA:1,(anonymous_9)
FNDA:0,(anonymous_10)
FNDA:0,(anonymous_11)
FNDA:9,(anonymous_12)
FNDA:0,(anonymous_13)
FNDA:0,(anonymous_14)
FNDA:0,(anonymous_15)
FNDA:0,(anonymous_16)
FNDA:0,(anonymous_17)
FNDA:0,(anonymous_18)
FNDA:0,(anonymous_19)
FNDA:0,(anonymous_20)
DA:10,2
DA:13,0
DA:15,0
DA:18,0
DA:23,2
DA:24,0
DA:25,0
DA:26,0
DA:27,0
DA:37,1
DA:38,1
DA:41,1
DA:44,0
DA:47,0
DA:48,0
DA:49,0
DA:50,0
DA:54,9
DA:77,0
DA:86,2
DA:87,0
DA:88,0
DA:89,0
DA:90,0
DA:91,0
DA:94,2
LF:26
LH:8
BRDA:47,0,0,0
BRDA:47,0,1,0
BRDA:49,1,0,0
BRDA:49,1,1,0
BRF:4
BRH:0
end_of_record
TN:
SF:C:\Users\peter\Desktop\react-course-projects\expensify-app\src\components\ExpenseListItem.js
FN:14,(anonymous_0)
FN:18,(anonymous_1)
FN:20,(anonymous_2)
FN:24,(anonymous_3)
FN:34,(anonymous_4)
FN:39,(anonymous_5)
FN:40,(anonymous_6)
FN:42,(anonymous_7)
FN:47,(anonymous_8)
FNF:9
FNH:1
FNDA:0,(anonymous_0)
FNDA:0,(anonymous_1)
FNDA:0,(anonymous_2)
FNDA:0,(anonymous_3)
FNDA:0,(anonymous_4)
FNDA:0,(anonymous_5)
FNDA:0,(anonymous_6)
FNDA:0,(anonymous_7)
FNDA:1,(anonymous_8)
DA:8,3
DA:14,0
DA:18,0
DA:20,0
DA:24,0
DA:28,3
DA:33,3
DA:34,0
DA:38,3
DA:39,0
DA:40,0
DA:42,0
DA:49,1
LF:13
LH:5
BRF:0
BRH:0
end_of_record
TN:
SF:C:\Users\peter\Desktop\react-course-projects\expensify-app\src\components\ExpenseSummary.js
FN:13,(anonymous_0)
FN:14,(anonymous_1)
FN:19,(anonymous_2)
FN:34,(anonymous_3)
FNF:4
FNH:0
FNDA:0,(anonymous_0)
FNDA:0,(anonymous_1)
FNDA:0,(anonymous_2)
FNDA:0,(anonymous_3)
DA:11,1
DA:13,0
DA:14,0
DA:18,1
DA:19,0
DA:23,1
DA:29,1
DA:34,1
DA:35,0
DA:36,0
DA:37,0
LF:11
LH:5
BRDA:35,0,0,0
BRDA:35,0,1,0
BRDA:40,1,0,0
BRDA:40,1,1,0
BRDA:43,2,0,0
BRDA:43,2,1,0
BRF:6
BRH:0
end_of_record
TN:
SF:C:\Users\peter\Desktop\react-course-projects\expensify-app\src\components\Header.js
FN:20,(anonymous_0)
FN:24,(anonymous_1)
FN:37,(anonymous_2)
FN:38,(anonymous_3)
FNF:4
FNH:1
FNDA:0,(anonymous_0)
FNDA:2,(anonymous_1)
FNDA:0,(anonymous_2)
FNDA:0,(anonymous_3)
DA:9,1
DA:17,1
DA:20,0
DA:24,1
DA:25,2
DA:37,1
DA:38,0
LF:7
LH:5
BRF:0
BRH:0
end_of_record
TN:
SF:C:\Users\peter\Desktop\react-course-projects\expensify-app\src\components\LoginPage.js
FN:6,(anonymous_0)
FN:16,(anonymous_1)
FN:17,(anonymous_2)
FNF:3
FNH:1
FNDA:2,(anonymous_0)
FNDA:0,(anonymous_1)
FNDA:0,(anonymous_2)
DA:6,1
DA:7,2
DA:16,1
DA:17,0
LF:4
LH:3
BRF:0
BRH:0
end_of_record
TN:
SF:C:\Users\peter\Desktop\react-course-projects\expensify-app\src\firebase\firebase.js
FNF:0
FNH:0
DA:4,3
DA:13,3
DA:14,3
DA:15,3
LF:4
LH:4
BRF:0
BRH:0
end_of_record
TN:
SF:C:\Users\peter\Desktop\react-course-projects\expensify-app\src\selectors\expenses-total.js
FN:3,(anonymous_0)
FN:5,(anonymous_1)
FN:6,(anonymous_2)
FNF:3
FNH:3
FNDA:1,(anonymous_0)
FNDA:3,(anonymous_1)
FNDA:3,(anonymous_2)
DA:4,1
DA:5,3
DA:6,3
LF:3
LH:3
BRF:0
BRH:0
end_of_record
TN:
SF:C:\Users\peter\Desktop\react-course-projects\expensify-app\src\selectors\expenses.js
FN:3,(anonymous_0)
FN:4,(anonymous_1)
FN:13,(anonymous_2)
FNF:3
FNH:0
FNDA:0,(anonymous_0)
FNDA:0,(anonymous_1)
FNDA:0,(anonymous_2)
DA:4,0
DA:6,0
DA:7,0
DA:8,0
DA:10,0
DA:12,0
DA:14,0
DA:15,0
DA:17,0
LF:9
LH:0
BRDA:7,0,0,0
BRDA:7,0,1,0
BRDA:8,1,0,0
BRDA:8,1,1,0
BRDA:12,2,0,0
BRDA:12,2,1,0
BRDA:12,2,2,0
BRDA:14,3,0,0
BRDA:14,3,1,0
BRDA:15,4,0,0
BRDA:15,4,1,0
BRDA:17,5,0,0
BRDA:17,5,1,0
BRF:13
BRH:0
end_of_record
TN:
SF:C:\Users\peter\Desktop\react-course-projects\expensify-app\src\styles\styled.js
FN:17,(anonymous_0)
FN:70,(anonymous_1)
FN:72,(anonymous_2)
FN:78,(anonymous_3)
FN:80,(anonymous_4)
FN:86,(anonymous_5)
FN:88,(anonymous_6)
FN:112,(anonymous_7)
FN:117,(anonymous_8)
FNF:9
FNH:0
FNDA:0,(anonymous_0)
FNDA:0,(anonymous_1)
FNDA:0,(anonymous_2)
FNDA:0,(anonymous_3)
FNDA:0,(anonymous_4)
FNDA:0,(anonymous_5)
FNDA:0,(anonymous_6)
FNDA:0,(anonymous_7)
FNDA:0,(anonymous_8)
DA:6,6
DA:7,6
DA:8,6
DA:9,6
DA:10,6
DA:11,6
DA:12,6
DA:13,6
DA:14,6
DA:17,6
DA:18,0
DA:33,6
DA:39,6
DA:51,6
DA:63,6
DA:67,6
DA:70,0
DA:72,0
DA:75,6
DA:78,0
DA:80,0
DA:83,6
DA:86,0
DA:88,0
DA:92,6
DA:96,6
DA:102,6
DA:108,6
DA:112,0
DA:116,6
DA:117,0
LF:31
LH:22
BRF:0
BRH:0
end_of_record
TN:
SF:C:\Users\peter\Desktop\react-course-projects\expensify-app\src\tests\setupTests.js
FNF:0
FNH:0
DA:5,8
DA:9,8
LF:2
LH:2
BRF:0
BRH:0
end_of_record
TN:
SF:C:\Users\peter\Desktop\react-course-projects\expensify-app\src\tests\fixtures\expenses.js
FNF:0
FNH:0
LF:0
LH:0
BRF:0
BRH:0
end_of_record
TN:
SF:C:\Users\peter\Desktop\react-course-projects\expensify-app\src\tests\fixtures\filters.js
FNF:0
FNH:0
DA:3,1
DA:10,1
LF:2
LH:2
BRF:0
BRH:0
end_of_record
